#
# A fatal error has been detected by the Java Runtime Environment:
#
#  EXCEPTION_ACCESS_VIOLATION (0xc0000005) at pc=0x00007ffb79689113, pid=31616, tid=37500
#
# JRE version: OpenJDK Runtime Environment (11.0.11+9) (build 11.0.11+9-b60-7590822)
# Java VM: OpenJDK 64-Bit Server VM (11.0.11+9-b60-7590822, mixed mode, tiered, compressed oops, g1 gc, windows-amd64)
# Problematic frame:
# V  [jvm.dll+0x509113]
#
# No core dump will be written. Minidumps are not enabled by default on client versions of Windows
#
# If you would like to submit a bug report, please visit:
#   https://bugreport.java.com/bugreport/crash.jsp
#

---------------  S U M M A R Y ------------

Command Line: -XX:MaxPermSize=512m -XX:+HeapDumpOnOutOfMemoryError --add-opens=java.base/java.util=ALL-UNNAMED --add-opens=java.base/java.lang=ALL-UNNAMED --add-opens=java.base/java.lang.invoke=ALL-UNNAMED --add-opens=java.base/java.util=ALL-UNNAMED --add-opens=java.prefs/java.util.prefs=ALL-UNNAMED --add-opens=java.prefs/java.util.prefs=ALL-UNNAMED --add-opens=java.base/java.nio.charset=ALL-UNNAMED --add-opens=java.base/java.net=ALL-UNNAMED --add-opens=java.base/java.util.concurrent.atomic=ALL-UNNAMED -Xmx4096m -Dfile.encoding=UTF-8 -Duser.country=CN -Duser.language=zh -Duser.variant org.gradle.launcher.daemon.bootstrap.GradleDaemon 7.2

Host: 11th Gen Intel(R) Core(TM) i5-11600KF @ 3.90GHz, 12 cores, 15G,  Windows 10 , 64 bit Build 19041 (10.0.19041.1566)
Time: Thu Mar 10 19:16:41 2022 中国标准时间 elapsed time: 13363.112031 seconds (0d 3h 42m 43s)

---------------  T H R E A D  ---------------

Current thread (0x0000022bbc2ca000):  JavaThread "C2 CompilerThread1" daemon [_thread_in_native, id=37500, stack(0x000000fce4100000,0x000000fce4200000)]


Current CompileTask:
C2:13363112 20203       4       org.gradle.api.internal.artifacts.ivyservice.resolveengine.graph.builder.NodeState::computeModuleResolutionFilter (125 bytes)

Stack: [0x000000fce4100000,0x000000fce4200000],  sp=0x000000fce41fb5d0,  free space=1005k
Native frames: (J=compiled Java code, j=interpreted, Vv=VM code, C=native code)
V  [jvm.dll+0x509113]
V  [jvm.dll+0x5087a7]
V  [jvm.dll+0x1fd70e]
V  [jvm.dll+0x1fb35f]
V  [jvm.dll+0x183d6c]
V  [jvm.dll+0x209a57]
V  [jvm.dll+0x2082a1]
V  [jvm.dll+0x6ef58f]
V  [jvm.dll+0x6e80b5]
V  [jvm.dll+0x5f1036]
C  [ucrtbase.dll+0x21bb2]
C  [KERNEL32.DLL+0x17034]
C  [ntdll.dll+0x52651]


siginfo: EXCEPTION_ACCESS_VIOLATION (0xc0000005), reading address 0x0000022bef6d9070


Register to memory mapping:

RIP=0x00007ffb79689113 jvm.dll
RAX=0x0 is NULL
RBX=0x0000022bef6d9070 is an unknown value
RCX=0x0000000000000001 is an unknown value
RDX=0x0000022bb65090a8 points into unknown readable memory: 0x0000000000000005 | 05 00 00 00 00 00 00 00
RSP=0x000000fce41fb5d0 is pointing into the stack for thread: 0x0000022bbc2ca000
RBP=0x000000fce41fb740 is pointing into the stack for thread: 0x0000022bbc2ca000
RSI=0x0000000000000003 is an unknown value
RDI=0x000000fce41fb6f0 is pointing into the stack for thread: 0x0000022bbc2ca000
R8 =0x0000000000000004 is an unknown value
R9 =0x000000fce41fbbf0 is pointing into the stack for thread: 0x0000022bbc2ca000
R10=0x0000022baf5e6100 points into unknown readable memory: 0x0000022bb4e42070 | 70 20 e4 b4 2b 02 00 00
R11=0x0000022bb6509200 points into unknown readable memory: 0x0000022baf6d7ca8 | a8 7c 6d af 2b 02 00 00
R12=0x000000fce41fb688 is pointing into the stack for thread: 0x0000022bbc2ca000
R13=0x000000fce41fb660 is pointing into the stack for thread: 0x0000022bbc2ca000
R14=0x0000000000000001 is an unknown value
R15=0x0000022baf6d9000 points into unknown readable memory: 0x00007ffb7996b888 | 88 b8 96 79 fb 7f 00 00


Registers:
RAX=0x0000000000000000, RBX=0x0000022bef6d9070, RCX=0x0000000000000001, RDX=0x0000022bb65090a8
RSP=0x000000fce41fb5d0, RBP=0x000000fce41fb740, RSI=0x0000000000000003, RDI=0x000000fce41fb6f0
R8 =0x0000000000000004, R9 =0x000000fce41fbbf0, R10=0x0000022baf5e6100, R11=0x0000022bb6509200
R12=0x000000fce41fb688, R13=0x000000fce41fb660, R14=0x0000000000000001, R15=0x0000022baf6d9000
RIP=0x00007ffb79689113, EFLAGS=0x0000000000010203

Top of Stack: (sp=0x000000fce41fb5d0)
0x000000fce41fb5d0:   0000022bafaa0790 000000fce41fb740
0x000000fce41fb5e0:   0000000000000003 000000fce41fb688
0x000000fce41fb5f0:   000000fce41fc5c8 00007ffb797514e0
0x000000fce41fb600:   0000022bbe5b0220 0000000000000001
0x000000fce41fb610:   0000022bb4e42070 000000fce41fb740
0x000000fce41fb620:   0000000000000000 0000000000000002
0x000000fce41fb630:   000000fce41fbbf0 00007ffb796887a7
0x000000fce41fb640:   000000fce41fbbf0 0000000000000001
0x000000fce41fb650:   0000000000000001 000000fce41fb6f0
0x000000fce41fb660:   0000022bbe5b0220 0000000000000100
0x000000fce41fb670:   0000022bc3eeddc0 00007ffb00000004
0x000000fce41fb680:   0000022b00000001 00007ffb799f2368
0x000000fce41fb690:   0000022bbe5b0220 00007ffb00000080
0x000000fce41fb6a0:   0000022bb6508fe0 0000022bbe5b0220
0x000000fce41fb6b0:   0000022bbb979000 0000000000078298
0x000000fce41fb6c0:   0000022bbb979050 0000022bbb980fe8 

Instructions: (pc=0x00007ffb79689113)
0x00007ffb79689013:   ff ff 83 7d 18 00 0f 85 d3 fc ff ff 4c 8b 74 24
0x00007ffb79689023:   20 4c 8b 64 24 28 48 8b 7c 24 30 48 8b 74 24 38
0x00007ffb79689033:   48 8b 5c 24 68 48 83 c4 40 41 5f 41 5d 5d c3 cc
0x00007ffb79689043:   cc cc cc cc cc cc cc cc cc cc cc cc cc 48 89 4c
0x00007ffb79689053:   24 08 57 41 54 41 55 48 83 ec 50 41 83 78 18 00
0x00007ffb79689063:   49 8b f9 4c 8b c9 4d 8b e8 4c 8b e2 0f 84 5c 02
0x00007ffb79689073:   00 00 48 89 5c 24 78 48 89 6c 24 48 48 89 74 24
0x00007ffb79689083:   40 4c 89 74 24 38 4c 89 7c 24 30 66 90 41 ff 4d
0x00007ffb79689093:   18 41 8b 4d 18 49 8b 45 10 4c 8b 3c c8 41 8b 4f
0x00007ffb796890a3:   28 8b c1 c1 e8 05 41 3b 44 24 10 72 13 49 8b 04
0x00007ffb796890b3:   24 8b d1 49 8b cc ff 50 18 4c 8b 4c 24 70 eb 2a
0x00007ffb796890c3:   83 e1 1f 41 b8 01 00 00 00 41 d3 e0 8b c8 49 8b
0x00007ffb796890d3:   44 24 18 48 8d 14 88 8b 0c 88 8b c1 41 0b c8 89
0x00007ffb796890e3:   0a 41 23 c0 0f 85 c0 01 00 00 41 8b 4f 20 45 33
0x00007ffb796890f3:   f6 89 8c 24 80 00 00 00 0f 1f 44 00 00 44 3b f1
0x00007ffb79689103:   0f 83 74 01 00 00 49 8b 5f 10 41 8b c6 41 ff c6
0x00007ffb79689113:   48 8b 1c c3 8b 43 28 41 3b 41 28 73 0d 8b c8 49
0x00007ffb79689123:   8b 41 30 48 83 3c c8 00 75 3c 48 83 7b 10 00 74
0x00007ffb79689133:   35 49 8d b1 b8 09 00 00 8b 6e 18 8d 45 01 89 46
0x00007ffb79689143:   18 3b 6e 08 72 0f 8b d5 48 8b ce e8 dd 82 0c 00
0x00007ffb79689153:   4c 8b 4c 24 70 48 8b 46 10 8b 8c 24 80 00 00 00
0x00007ffb79689163:   48 89 1c e8 eb 97 48 8b 43 08 48 83 38 00 0f 84
0x00007ffb79689173:   89 00 00 00 48 8b 03 48 8b cb ff 50 10 84 c0 75
0x00007ffb79689183:   0a 8b 43 2c 83 e0 0f 3c 0c 75 6d 8b 4b 28 8b c1
0x00007ffb79689193:   c1 e8 05 41 3b 44 24 10 73 2a 4c 8b 4c 24 70 83
0x00007ffb796891a3:   e1 1f 44 8b c0 ba 01 00 00 00 49 8b 44 24 18 d3
0x00007ffb796891b3:   e2 8b 8c 24 80 00 00 00 42 8b 04 80 23 c2 0f 85
0x00007ffb796891c3:   39 ff ff ff 41 8b 75 18 8d 46 01 41 89 45 18 41
0x00007ffb796891d3:   3b 75 08 72 0a 8b d6 49 8b cd e8 4e 82 0c 00 49
0x00007ffb796891e3:   8b 45 10 8b 8c 24 80 00 00 00 4c 8b 4c 24 70 48
0x00007ffb796891f3:   89 1c f0 e9 05 ff ff ff 4c 8b 4c 24 70 8b 4b 28
0x00007ffb79689203:   8b c1 c1 e8 05 41 3b 44 24 10 72 0e 49 8b 04 24 


Stack slot to memory mapping:
stack at sp + 0 slots: 0x0000022bafaa0790 points into unknown readable memory: 0x00007ffb79968100 | 00 81 96 79 fb 7f 00 00
stack at sp + 1 slots: 0x000000fce41fb740 is pointing into the stack for thread: 0x0000022bbc2ca000
stack at sp + 2 slots: 0x0000000000000003 is an unknown value
stack at sp + 3 slots: 0x000000fce41fb688 is pointing into the stack for thread: 0x0000022bbc2ca000
stack at sp + 4 slots: 0x000000fce41fc5c8 is pointing into the stack for thread: 0x0000022bbc2ca000
stack at sp + 5 slots: 0x00007ffb797514e0 jvm.dll
stack at sp + 6 slots: 0x0000022bbe5b0220 points into unknown readable memory: 0x006c005c00000006 | 06 00 00 00 5c 00 6c 00
stack at sp + 7 slots: 0x0000000000000001 is an unknown value


---------------  P R O C E S S  ---------------

Threads class SMR info:
_java_thread_list=0x0000022bb6591840, length=48, elements={
0x0000022b8f53d800, 0x0000022baf3f4800, 0x0000022baeb39800, 0x0000022baf44e800,
0x0000022baf44f800, 0x0000022baf450800, 0x0000022baf455000, 0x0000022baf460000,
0x0000022baf479800, 0x0000022baf5e5800, 0x0000022bb0ef4800, 0x0000022bb0e03000,
0x0000022bb1377800, 0x0000022baf460800, 0x0000022baf461800, 0x0000022baf463000,
0x0000022baf45f000, 0x0000022bb1c0c800, 0x0000022bb1c0a000, 0x0000022bb1c0b000,
0x0000022bb1c0b800, 0x0000022bb1c07800, 0x0000022bb1c0d800, 0x0000022bb1c0e000,
0x0000022bb1c08800, 0x0000022bb1c0f000, 0x0000022bb1c09000, 0x0000022bb1c14800,
0x0000022bb1c15800, 0x0000022bb1c0f800, 0x0000022bb1c14000, 0x0000022bb34c4800,
0x0000022bb512e800, 0x0000022bbc2c2000, 0x0000022bbc2c0000, 0x0000022bbc2c6800,
0x0000022bbc2c3800, 0x0000022bbc2c7800, 0x0000022bbc2c8800, 0x0000022bbc2c2800,
0x0000022bbc2cc800, 0x0000022bbc2ca000, 0x0000022bbc2ce000, 0x0000022bbc2cf000,
0x0000022bbc2cd800, 0x0000022bbc2c9000, 0x0000022bbc2cf800, 0x0000022bbc2d0800
}

Java Threads: ( => current thread )
  0x0000022b8f53d800 JavaThread "main" [_thread_blocked, id=34540, stack(0x000000fce2200000,0x000000fce2300000)]
  0x0000022baf3f4800 JavaThread "Reference Handler" daemon [_thread_blocked, id=25568, stack(0x000000fce2900000,0x000000fce2a00000)]
  0x0000022baeb39800 JavaThread "Finalizer" daemon [_thread_blocked, id=37452, stack(0x000000fce2a00000,0x000000fce2b00000)]
  0x0000022baf44e800 JavaThread "Signal Dispatcher" daemon [_thread_blocked, id=37436, stack(0x000000fce2b00000,0x000000fce2c00000)]
  0x0000022baf44f800 JavaThread "Attach Listener" daemon [_thread_blocked, id=25776, stack(0x000000fce2c00000,0x000000fce2d00000)]
  0x0000022baf450800 JavaThread "Service Thread" daemon [_thread_blocked, id=22512, stack(0x000000fce2d00000,0x000000fce2e00000)]
  0x0000022baf455000 JavaThread "C2 CompilerThread0" daemon [_thread_blocked, id=29872, stack(0x000000fce2e00000,0x000000fce2f00000)]
  0x0000022baf460000 JavaThread "C1 CompilerThread0" daemon [_thread_blocked, id=36088, stack(0x000000fce2f00000,0x000000fce3000000)]
  0x0000022baf479800 JavaThread "Sweeper thread" daemon [_thread_blocked, id=20528, stack(0x000000fce3000000,0x000000fce3100000)]
  0x0000022baf5e5800 JavaThread "Common-Cleaner" daemon [_thread_blocked, id=35512, stack(0x000000fce3100000,0x000000fce3200000)]
  0x0000022bb0ef4800 JavaThread "Daemon health stats" [_thread_blocked, id=21132, stack(0x000000fce3900000,0x000000fce3a00000)]
  0x0000022bb0e03000 JavaThread "Incoming local TCP Connector on port 58543" [_thread_in_native, id=31588, stack(0x000000fce3300000,0x000000fce3400000)]
  0x0000022bb1377800 JavaThread "Daemon periodic checks" [_thread_blocked, id=19712, stack(0x000000fce3a00000,0x000000fce3b00000)]
  0x0000022baf460800 JavaThread "Cache worker for journal cache (D:\android_studio\config\.gradle\caches\journal-1)" [_thread_blocked, id=30260, stack(0x000000fce4300000,0x000000fce4400000)]
  0x0000022baf461800 JavaThread "File lock request listener" [_thread_in_native, id=30480, stack(0x000000fce4400000,0x000000fce4500000)]
  0x0000022baf463000 JavaThread "Cache worker for file hash cache (D:\android_studio\config\.gradle\caches\7.2\fileHashes)" [_thread_blocked, id=15816, stack(0x000000fce4b00000,0x000000fce4c00000)]
  0x0000022baf45f000 JavaThread "File watcher server" daemon [_thread_in_native, id=14832, stack(0x000000fce4d00000,0x000000fce4e00000)]
  0x0000022bb1c0c800 JavaThread "File watcher consumer" daemon [_thread_blocked, id=37060, stack(0x000000fce4e00000,0x000000fce4f00000)]
  0x0000022bb1c0a000 JavaThread "jar transforms" [_thread_blocked, id=36884, stack(0x000000fce4f00000,0x000000fce5000000)]
  0x0000022bb1c0b000 JavaThread "jar transforms Thread 2" [_thread_blocked, id=24536, stack(0x000000fce5000000,0x000000fce5100000)]
  0x0000022bb1c0b800 JavaThread "jar transforms Thread 3" [_thread_blocked, id=6204, stack(0x000000fce5100000,0x000000fce5200000)]
  0x0000022bb1c07800 JavaThread "jar transforms Thread 4" [_thread_blocked, id=33552, stack(0x000000fce5200000,0x000000fce5300000)]
  0x0000022bb1c0d800 JavaThread "jar transforms Thread 5" [_thread_blocked, id=34836, stack(0x000000fce5300000,0x000000fce5400000)]
  0x0000022bb1c0e000 JavaThread "jar transforms Thread 6" [_thread_blocked, id=35452, stack(0x000000fce5400000,0x000000fce5500000)]
  0x0000022bb1c08800 JavaThread "jar transforms Thread 7" [_thread_blocked, id=28952, stack(0x000000fce5500000,0x000000fce5600000)]
  0x0000022bb1c0f000 JavaThread "jar transforms Thread 8" [_thread_blocked, id=8180, stack(0x000000fce5600000,0x000000fce5700000)]
  0x0000022bb1c09000 JavaThread "jar transforms Thread 9" [_thread_blocked, id=3036, stack(0x000000fce5700000,0x000000fce5800000)]
  0x0000022bb1c14800 JavaThread "jar transforms Thread 10" [_thread_blocked, id=21708, stack(0x000000fce5800000,0x000000fce5900000)]
  0x0000022bb1c15800 JavaThread "jar transforms Thread 11" [_thread_blocked, id=27552, stack(0x000000fce5900000,0x000000fce5a00000)]
  0x0000022bb1c0f800 JavaThread "jar transforms Thread 12" [_thread_blocked, id=37700, stack(0x000000fce5a00000,0x000000fce5b00000)]
  0x0000022bb1c14000 JavaThread "Cache worker for execution history cache (D:\android_studio\config\.gradle\caches\7.2\executionHistory)" [_thread_blocked, id=34000, stack(0x000000fce5e00000,0x000000fce5f00000)]
  0x0000022bb34c4800 JavaThread "Cache worker for file content cache (D:\android_studio\config\.gradle\caches\7.2\fileContent)" [_thread_blocked, id=14164, stack(0x000000fce6000000,0x000000fce6100000)]
  0x0000022bb512e800 JavaThread "Memory manager" [_thread_blocked, id=38716, stack(0x000000fcedc00000,0x000000fcedd00000)]
  0x0000022bbc2c2000 JavaThread "Daemon Thread 3" [_thread_blocked, id=18340, stack(0x000000fce1f00000,0x000000fce2000000)]
  0x0000022bbc2c0000 JavaThread "Handler for socket connection from /127.0.0.1:58543 to /127.0.0.1:53656" [_thread_in_native, id=39572, stack(0x000000fce2000000,0x000000fce2100000)]
  0x0000022bbc2c6800 JavaThread "Cancel handler" [_thread_blocked, id=35600, stack(0x000000fce2100000,0x000000fce2200000)]
  0x0000022bbc2c3800 JavaThread "Daemon worker Thread 3" [_thread_in_Java, id=20140, stack(0x000000fce3b00000,0x000000fce3c00000)]
  0x0000022bbc2c7800 JavaThread "Asynchronous log dispatcher for DefaultDaemonConnection: socket connection from /127.0.0.1:58543 to /127.0.0.1:53656" [_thread_blocked, id=22864, stack(0x000000fce3c00000,0x000000fce3d00000)]
  0x0000022bbc2c8800 JavaThread "Stdin handler" [_thread_blocked, id=19916, stack(0x000000fce3d00000,0x000000fce3e00000)]
  0x0000022bbc2c2800 JavaThread "Daemon client event forwarder" [_thread_blocked, id=27728, stack(0x000000fce3e00000,0x000000fce3f00000)]
  0x0000022bbc2cc800 JavaThread "Cache worker for file hash cache (D:\likun\github\baseproject\.gradle\7.2\fileHashes)" [_thread_blocked, id=25780, stack(0x000000fce4000000,0x000000fce4100000)]
=>0x0000022bbc2ca000 JavaThread "C2 CompilerThread1" daemon [_thread_in_native, id=37500, stack(0x000000fce4100000,0x000000fce4200000)]
  0x0000022bbc2ce000 JavaThread "Cache worker for checksums cache (D:\likun\github\baseproject\.gradle\checksums)" [_thread_blocked, id=15440, stack(0x000000fce4200000,0x000000fce4300000)]
  0x0000022bbc2cf000 JavaThread "C2 CompilerThread2" daemon [_thread_blocked, id=8188, stack(0x000000fce5b00000,0x000000fce5c00000)]
  0x0000022bbc2cd800 JavaThread "Cache worker for cache directory md-supplier (D:\android_studio\config\.gradle\caches\7.2\md-supplier)" [_thread_blocked, id=7492, stack(0x000000fce5c00000,0x000000fce5d00000)]
  0x0000022bbc2c9000 JavaThread "Cache worker for cache directory md-rule (D:\android_studio\config\.gradle\caches\7.2\md-rule)" [_thread_blocked, id=22348, stack(0x000000fce5d00000,0x000000fce5e00000)]
  0x0000022bbc2cf800 JavaThread "Cache worker for dependencies-accessors (D:\likun\github\baseproject\.gradle\7.2\dependencies-accessors)" [_thread_blocked, id=37108, stack(0x000000fce5f00000,0x000000fce6000000)]
  0x0000022bbc2d0800 JavaThread "Cache worker for Build Output Cleanup Cache (D:\likun\github\baseproject\.gradle\buildOutputCleanup)" [_thread_blocked, id=17900, stack(0x000000fce6100000,0x000000fce6200000)]

Other Threads:
  0x0000022baeb2d000 VMThread "VM Thread" [stack: 0x000000fce2800000,0x000000fce2900000] [id=34840]
  0x0000022baf5fe800 WatcherThread [stack: 0x000000fce3200000,0x000000fce3300000] [id=28364]
  0x0000022b8f557000 GCTaskThread "GC Thread#0" [stack: 0x000000fce2300000,0x000000fce2400000] [id=23184]
  0x0000022bafa36800 GCTaskThread "GC Thread#1" [stack: 0x000000fce3400000,0x000000fce3500000] [id=30560]
  0x0000022baff83800 GCTaskThread "GC Thread#2" [stack: 0x000000fce3500000,0x000000fce3600000] [id=20200]
  0x0000022baff37000 GCTaskThread "GC Thread#3" [stack: 0x000000fce3600000,0x000000fce3700000] [id=21896]
  0x0000022bafb0a800 GCTaskThread "GC Thread#4" [stack: 0x000000fce3700000,0x000000fce3800000] [id=21768]
  0x0000022baff1b800 GCTaskThread "GC Thread#5" [stack: 0x000000fce3800000,0x000000fce3900000] [id=34808]
  0x0000022bb2d5a000 GCTaskThread "GC Thread#6" [stack: 0x000000fce4500000,0x000000fce4600000] [id=37648]
  0x0000022bb1cc9800 GCTaskThread "GC Thread#7" [stack: 0x000000fce4600000,0x000000fce4700000] [id=22728]
  0x0000022bb0d36800 GCTaskThread "GC Thread#8" [stack: 0x000000fce4700000,0x000000fce4800000] [id=37716]
  0x0000022bb17fe000 GCTaskThread "GC Thread#9" [stack: 0x000000fce4800000,0x000000fce4900000] [id=37248]
  0x0000022b8f5b7000 ConcurrentGCThread "G1 Main Marker" [stack: 0x000000fce2400000,0x000000fce2500000] [id=37840]
  0x0000022b8f5b8000 ConcurrentGCThread "G1 Conc#0" [stack: 0x000000fce2500000,0x000000fce2600000] [id=24740]
  0x0000022bb0e77800 ConcurrentGCThread "G1 Conc#1" [stack: 0x000000fce4900000,0x000000fce4a00000] [id=24176]
  0x0000022bb1cc0800 ConcurrentGCThread "G1 Conc#2" [stack: 0x000000fce4a00000,0x000000fce4b00000] [id=37364]
  0x0000022baea10800 ConcurrentGCThread "G1 Refine#0" [stack: 0x000000fce2600000,0x000000fce2700000] [id=28620]
  0x0000022bb68c5800 ConcurrentGCThread "G1 Refine#1" [stack: 0x000000fce6200000,0x000000fce6300000] [id=34400]
  0x0000022bbe82b000 ConcurrentGCThread "G1 Refine#2" [stack: 0x000000fce3f00000,0x000000fce4000000] [id=38360]
  0x0000022bc0c03800 ConcurrentGCThread "G1 Refine#3" [stack: 0x000000fce4c00000,0x000000fce4d00000] [id=38476]
  0x0000022baea11800 ConcurrentGCThread "G1 Young RemSet Sampling" [stack: 0x000000fce2700000,0x000000fce2800000] [id=35020]

Threads with active compile tasks:
C2 CompilerThread113363148 20203       4       org.gradle.api.internal.artifacts.ivyservice.resolveengine.graph.builder.NodeState::computeModuleResolutionFilter (125 bytes)

VM state:not at safepoint (normal execution)

VM Mutex/Monitor currently owned by a thread: None

Heap address: 0x0000000700000000, size: 4096 MB, Compressed Oops mode: Zero based, Oop shift amount: 3
Narrow klass base: 0x0000000800000000, Narrow klass shift: 0
Compressed class space size: 1073741824 Address: 0x0000000800000000

Heap:
 garbage-first heap   total 374784K, used 303375K [0x0000000700000000, 0x0000000800000000)
  region size 1024K, 108 young (110592K), 7 survivors (7168K)
 Metaspace       used 120512K, capacity 124646K, committed 129820K, reserved 1161216K
  class space    used 15225K, capacity 16709K, committed 17612K, reserved 1048576K
Heap Regions: E=young(eden), S=young(survivor), O=old, HS=humongous(starts), HC=humongous(continues), CS=collection set, F=free, A=archive, TAMS=top-at-mark-start (previous, next)
|   0|0x0000000700000000, 0x0000000700100000, 0x0000000700100000|100%| O|  |TAMS 0x0000000700100000, 0x0000000700000000| Complete 
|   1|0x0000000700100000, 0x0000000700200000, 0x0000000700200000|100%| O|  |TAMS 0x0000000700200000, 0x0000000700100000| Untracked 
|   2|0x0000000700200000, 0x0000000700300000, 0x0000000700300000|100%| O|  |TAMS 0x0000000700300000, 0x0000000700200000| Untracked 
|   3|0x0000000700300000, 0x0000000700400000, 0x0000000700400000|100%|HS|  |TAMS 0x0000000700400000, 0x0000000700300000| Complete 
|   4|0x0000000700400000, 0x0000000700500000, 0x0000000700500000|100%|HC|  |TAMS 0x0000000700500000, 0x0000000700400000| Complete 
|   5|0x0000000700500000, 0x0000000700600000, 0x0000000700600000|100%|HC|  |TAMS 0x0000000700600000, 0x0000000700500000| Complete 
|   6|0x0000000700600000, 0x0000000700700000, 0x0000000700700000|100%| O|  |TAMS 0x0000000700700000, 0x0000000700600000| Untracked 
|   7|0x0000000700700000, 0x0000000700800000, 0x0000000700800000|100%| O|  |TAMS 0x0000000700800000, 0x0000000700700000| Complete 
|   8|0x0000000700800000, 0x0000000700900000, 0x0000000700900000|100%| O|  |TAMS 0x0000000700900000, 0x0000000700800000| Untracked 
|   9|0x0000000700900000, 0x0000000700a00000, 0x0000000700a00000|100%| O|  |TAMS 0x0000000700a00000, 0x0000000700900000| Untracked 
|  10|0x0000000700a00000, 0x0000000700b00000, 0x0000000700b00000|100%| O|  |TAMS 0x0000000700b00000, 0x0000000700a00000| Untracked 
|  11|0x0000000700b00000, 0x0000000700c00000, 0x0000000700c00000|100%| O|  |TAMS 0x0000000700c00000, 0x0000000700b00000| Untracked 
|  12|0x0000000700c00000, 0x0000000700d00000, 0x0000000700d00000|100%| O|  |TAMS 0x0000000700d00000, 0x0000000700c00000| Complete 
|  13|0x0000000700d00000, 0x0000000700e00000, 0x0000000700e00000|100%| O|  |TAMS 0x0000000700e00000, 0x0000000700d00000| Untracked 
|  14|0x0000000700e00000, 0x0000000700f00000, 0x0000000700f00000|100%| O|  |TAMS 0x0000000700f00000, 0x0000000700e00000| Untracked 
|  15|0x0000000700f00000, 0x0000000701000000, 0x0000000701000000|100%| O|  |TAMS 0x0000000701000000, 0x0000000700f00000| Complete 
|  16|0x0000000701000000, 0x0000000701100000, 0x0000000701100000|100%| O|  |TAMS 0x0000000701100000, 0x0000000701000000| Complete 
|  17|0x0000000701100000, 0x0000000701200000, 0x0000000701200000|100%|HS|  |TAMS 0x0000000701200000, 0x0000000701100000| Complete 
|  18|0x0000000701200000, 0x0000000701300000, 0x0000000701300000|100%|HC|  |TAMS 0x0000000701300000, 0x0000000701200000| Complete 
|  19|0x0000000701300000, 0x0000000701400000, 0x0000000701400000|100%|HS|  |TAMS 0x0000000701400000, 0x0000000701300000| Complete 
|  20|0x0000000701400000, 0x0000000701500000, 0x0000000701500000|100%|HC|  |TAMS 0x0000000701500000, 0x0000000701400000| Complete 
|  21|0x0000000701500000, 0x0000000701600000, 0x0000000701600000|100%|HC|  |TAMS 0x0000000701600000, 0x0000000701500000| Complete 
|  22|0x0000000701600000, 0x0000000701700000, 0x0000000701700000|100%|HS|  |TAMS 0x0000000701700000, 0x0000000701600000| Complete 
|  23|0x0000000701700000, 0x0000000701800000, 0x0000000701800000|100%|HC|  |TAMS 0x0000000701800000, 0x0000000701700000| Complete 
|  24|0x0000000701800000, 0x0000000701900000, 0x0000000701900000|100%|HC|  |TAMS 0x0000000701900000, 0x0000000701800000| Complete 
|  25|0x0000000701900000, 0x0000000701a00000, 0x0000000701a00000|100%|HC|  |TAMS 0x0000000701a00000, 0x0000000701900000| Complete 
|  26|0x0000000701a00000, 0x0000000701b00000, 0x0000000701b00000|100%|HS|  |TAMS 0x0000000701b00000, 0x0000000701a00000| Complete 
|  27|0x0000000701b00000, 0x0000000701c00000, 0x0000000701c00000|100%|HS|  |TAMS 0x0000000701c00000, 0x0000000701b00000| Complete 
|  28|0x0000000701c00000, 0x0000000701d00000, 0x0000000701d00000|100%|HS|  |TAMS 0x0000000701d00000, 0x0000000701c00000| Complete 
|  29|0x0000000701d00000, 0x0000000701e00000, 0x0000000701e00000|100%|HS|  |TAMS 0x0000000701e00000, 0x0000000701d00000| Complete 
|  30|0x0000000701e00000, 0x0000000701f00000, 0x0000000701f00000|100%|HC|  |TAMS 0x0000000701f00000, 0x0000000701e00000| Complete 
|  31|0x0000000701f00000, 0x0000000702000000, 0x0000000702000000|100%|HC|  |TAMS 0x0000000702000000, 0x0000000701f00000| Complete 
|  32|0x0000000702000000, 0x0000000702100000, 0x0000000702100000|100%|HS|  |TAMS 0x0000000702100000, 0x0000000702000000| Complete 
|  33|0x0000000702100000, 0x0000000702200000, 0x0000000702200000|100%| O|  |TAMS 0x0000000702200000, 0x0000000702100000| Untracked 
|  34|0x0000000702200000, 0x0000000702300000, 0x0000000702300000|100%| O|  |TAMS 0x0000000702300000, 0x0000000702200000| Untracked 
|  35|0x0000000702300000, 0x0000000702400000, 0x0000000702400000|100%| O|  |TAMS 0x0000000702400000, 0x0000000702300000| Complete 
|  36|0x0000000702400000, 0x0000000702500000, 0x0000000702500000|100%|HS|  |TAMS 0x0000000702500000, 0x0000000702400000| Complete 
|  37|0x0000000702500000, 0x0000000702600000, 0x0000000702600000|100%|HC|  |TAMS 0x0000000702600000, 0x0000000702500000| Complete 
|  38|0x0000000702600000, 0x0000000702700000, 0x0000000702700000|100%|HC|  |TAMS 0x0000000702700000, 0x0000000702600000| Complete 
|  39|0x0000000702700000, 0x0000000702800000, 0x0000000702800000|100%|HC|  |TAMS 0x0000000702800000, 0x0000000702700000| Complete 
|  40|0x0000000702800000, 0x0000000702900000, 0x0000000702900000|100%| O|  |TAMS 0x0000000702900000, 0x0000000702800000| Untracked 
|  41|0x0000000702900000, 0x0000000702a00000, 0x0000000702a00000|100%| O|  |TAMS 0x0000000702a00000, 0x0000000702900000| Untracked 
|  42|0x0000000702a00000, 0x0000000702b00000, 0x0000000702b00000|100%| O|  |TAMS 0x0000000702b00000, 0x0000000702a00000| Untracked 
|  43|0x0000000702b00000, 0x0000000702c00000, 0x0000000702c00000|100%| O|  |TAMS 0x0000000702c00000, 0x0000000702b00000| Untracked 
|  44|0x0000000702c00000, 0x0000000702d00000, 0x0000000702d00000|100%| O|  |TAMS 0x0000000702d00000, 0x0000000702c00000| Complete 
|  45|0x0000000702d00000, 0x0000000702e00000, 0x0000000702e00000|100%| O|  |TAMS 0x0000000702e00000, 0x0000000702d00000| Complete 
|  46|0x0000000702e00000, 0x0000000702f00000, 0x0000000702f00000|100%| O|  |TAMS 0x0000000702f00000, 0x0000000702e00000| Complete 
|  47|0x0000000702f00000, 0x0000000703000000, 0x0000000703000000|100%|HS|  |TAMS 0x0000000703000000, 0x0000000702f00000| Complete 
|  48|0x0000000703000000, 0x0000000703100000, 0x0000000703100000|100%|HC|  |TAMS 0x0000000703100000, 0x0000000703000000| Complete 
|  49|0x0000000703100000, 0x0000000703200000, 0x0000000703200000|100%|HC|  |TAMS 0x0000000703200000, 0x0000000703100000| Complete 
|  50|0x0000000703200000, 0x0000000703300000, 0x0000000703300000|100%|HS|  |TAMS 0x0000000703300000, 0x0000000703200000| Complete 
|  51|0x0000000703300000, 0x0000000703400000, 0x0000000703400000|100%|HC|  |TAMS 0x0000000703400000, 0x0000000703300000| Complete 
|  52|0x0000000703400000, 0x0000000703500000, 0x0000000703500000|100%| O|  |TAMS 0x0000000703500000, 0x0000000703400000| Complete 
|  53|0x0000000703500000, 0x0000000703600000, 0x0000000703600000|100%| O|  |TAMS 0x0000000703600000, 0x0000000703500000| Untracked 
|  54|0x0000000703600000, 0x0000000703700000, 0x0000000703700000|100%| O|  |TAMS 0x0000000703700000, 0x0000000703600000| Complete 
|  55|0x0000000703700000, 0x0000000703800000, 0x0000000703800000|100%| O|  |TAMS 0x0000000703800000, 0x0000000703700000| Complete 
|  56|0x0000000703800000, 0x0000000703900000, 0x0000000703900000|100%| O|  |TAMS 0x0000000703900000, 0x0000000703800000| Complete 
|  57|0x0000000703900000, 0x0000000703a00000, 0x0000000703a00000|100%| O|  |TAMS 0x0000000703a00000, 0x0000000703900000| Untracked 
|  58|0x0000000703a00000, 0x0000000703b00000, 0x0000000703b00000|100%| O|  |TAMS 0x0000000703b00000, 0x0000000703a00000| Untracked 
|  59|0x0000000703b00000, 0x0000000703c00000, 0x0000000703c00000|100%| O|  |TAMS 0x0000000703c00000, 0x0000000703b00000| Complete 
|  60|0x0000000703c00000, 0x0000000703d00000, 0x0000000703d00000|100%| O|  |TAMS 0x0000000703d00000, 0x0000000703c00000| Complete 
|  61|0x0000000703d00000, 0x0000000703e00000, 0x0000000703e00000|100%| O|  |TAMS 0x0000000703e00000, 0x0000000703d00000| Untracked 
|  62|0x0000000703e00000, 0x0000000703f00000, 0x0000000703f00000|100%| O|  |TAMS 0x0000000703f00000, 0x0000000703e00000| Complete 
|  63|0x0000000703f00000, 0x0000000704000000, 0x0000000704000000|100%| O|  |TAMS 0x0000000704000000, 0x0000000703f00000| Untracked 
|  64|0x0000000704000000, 0x0000000704100000, 0x0000000704100000|100%| O|  |TAMS 0x0000000704100000, 0x0000000704000000| Complete 
|  65|0x0000000704100000, 0x0000000704200000, 0x0000000704200000|100%| O|  |TAMS 0x0000000704200000, 0x0000000704100000| Untracked 
|  66|0x0000000704200000, 0x0000000704300000, 0x0000000704300000|100%| O|  |TAMS 0x0000000704300000, 0x0000000704200000| Complete 
|  67|0x0000000704300000, 0x0000000704400000, 0x0000000704400000|100%| O|  |TAMS 0x0000000704400000, 0x0000000704300000| Complete 
|  68|0x0000000704400000, 0x0000000704500000, 0x0000000704500000|100%| O|  |TAMS 0x0000000704500000, 0x0000000704400000| Complete 
|  69|0x0000000704500000, 0x0000000704600000, 0x0000000704600000|100%| O|  |TAMS 0x0000000704600000, 0x0000000704500000| Complete 
|  70|0x0000000704600000, 0x0000000704700000, 0x0000000704700000|100%| O|  |TAMS 0x0000000704700000, 0x0000000704600000| Complete 
|  71|0x0000000704700000, 0x0000000704800000, 0x0000000704800000|100%| O|  |TAMS 0x0000000704800000, 0x0000000704700000| Untracked 
|  72|0x0000000704800000, 0x0000000704900000, 0x0000000704900000|100%| O|  |TAMS 0x0000000704900000, 0x0000000704800000| Complete 
|  73|0x0000000704900000, 0x0000000704a00000, 0x0000000704a00000|100%| O|  |TAMS 0x0000000704a00000, 0x0000000704900000| Complete 
|  74|0x0000000704a00000, 0x0000000704b00000, 0x0000000704b00000|100%| O|  |TAMS 0x0000000704b00000, 0x0000000704a00000| Untracked 
|  75|0x0000000704b00000, 0x0000000704c00000, 0x0000000704c00000|100%| O|  |TAMS 0x0000000704c00000, 0x0000000704b00000| Untracked 
|  76|0x0000000704c00000, 0x0000000704d00000, 0x0000000704d00000|100%| O|  |TAMS 0x0000000704d00000, 0x0000000704c00000| Untracked 
|  77|0x0000000704d00000, 0x0000000704e00000, 0x0000000704e00000|100%| O|  |TAMS 0x0000000704e00000, 0x0000000704d00000| Untracked 
|  78|0x0000000704e00000, 0x0000000704f00000, 0x0000000704f00000|100%|HS|  |TAMS 0x0000000704f00000, 0x0000000704e00000| Complete 
|  79|0x0000000704f00000, 0x0000000705000000, 0x0000000705000000|100%|HC|  |TAMS 0x0000000705000000, 0x0000000704f00000| Complete 
|  80|0x0000000705000000, 0x0000000705100000, 0x0000000705100000|100%|HS|  |TAMS 0x0000000705100000, 0x0000000705000000| Complete 
|  81|0x0000000705100000, 0x0000000705200000, 0x0000000705200000|100%|HC|  |TAMS 0x0000000705200000, 0x0000000705100000| Complete 
|  82|0x0000000705200000, 0x0000000705300000, 0x0000000705300000|100%|HC|  |TAMS 0x0000000705300000, 0x0000000705200000| Complete 
|  83|0x0000000705300000, 0x0000000705400000, 0x0000000705400000|100%|HS|  |TAMS 0x0000000705400000, 0x0000000705300000| Complete 
|  84|0x0000000705400000, 0x0000000705500000, 0x0000000705500000|100%|HC|  |TAMS 0x0000000705500000, 0x0000000705400000| Complete 
|  85|0x0000000705500000, 0x0000000705600000, 0x0000000705600000|100%|HC|  |TAMS 0x0000000705600000, 0x0000000705500000| Complete 
|  86|0x0000000705600000, 0x0000000705700000, 0x0000000705700000|100%|HC|  |TAMS 0x0000000705700000, 0x0000000705600000| Complete 
|  87|0x0000000705700000, 0x0000000705800000, 0x0000000705800000|100%| O|  |TAMS 0x0000000705800000, 0x0000000705700000| Complete 
|  88|0x0000000705800000, 0x0000000705900000, 0x0000000705900000|100%| O|  |TAMS 0x0000000705900000, 0x0000000705800000| Complete 
|  89|0x0000000705900000, 0x0000000705a00000, 0x0000000705a00000|100%| O|  |TAMS 0x0000000705a00000, 0x0000000705900000| Complete 
|  90|0x0000000705a00000, 0x0000000705b00000, 0x0000000705b00000|100%| O|  |TAMS 0x0000000705b00000, 0x0000000705a00000| Complete 
|  91|0x0000000705b00000, 0x0000000705c00000, 0x0000000705c00000|100%| O|  |TAMS 0x0000000705c00000, 0x0000000705b00000| Complete 
|  92|0x0000000705c00000, 0x0000000705d00000, 0x0000000705d00000|100%| O|  |TAMS 0x0000000705d00000, 0x0000000705c00000| Complete 
|  93|0x0000000705d00000, 0x0000000705e00000, 0x0000000705e00000|100%| O|  |TAMS 0x0000000705e00000, 0x0000000705d00000| Complete 
|  94|0x0000000705e00000, 0x0000000705f00000, 0x0000000705f00000|100%| O|  |TAMS 0x0000000705f00000, 0x0000000705e00000| Complete 
|  95|0x0000000705f00000, 0x0000000706000000, 0x0000000706000000|100%| O|  |TAMS 0x0000000706000000, 0x0000000705f00000| Untracked 
|  96|0x0000000706000000, 0x0000000706100000, 0x0000000706100000|100%| O|  |TAMS 0x0000000706100000, 0x0000000706000000| Untracked 
|  97|0x0000000706100000, 0x0000000706200000, 0x0000000706200000|100%| O|  |TAMS 0x0000000706200000, 0x0000000706100000| Complete 
|  98|0x0000000706200000, 0x0000000706300000, 0x0000000706300000|100%| O|  |TAMS 0x0000000706300000, 0x0000000706200000| Untracked 
|  99|0x0000000706300000, 0x0000000706400000, 0x0000000706400000|100%| O|  |TAMS 0x0000000706400000, 0x0000000706300000| Untracked 
| 100|0x0000000706400000, 0x0000000706500000, 0x0000000706500000|100%| O|  |TAMS 0x0000000706500000, 0x0000000706400000| Untracked 
| 101|0x0000000706500000, 0x0000000706600000, 0x0000000706600000|100%| O|  |TAMS 0x0000000706600000, 0x0000000706500000| Untracked 
| 102|0x0000000706600000, 0x0000000706700000, 0x0000000706700000|100%| O|  |TAMS 0x0000000706700000, 0x0000000706600000| Complete 
| 103|0x0000000706700000, 0x0000000706800000, 0x0000000706800000|100%| O|  |TAMS 0x0000000706800000, 0x0000000706700000| Untracked 
| 104|0x0000000706800000, 0x0000000706900000, 0x0000000706900000|100%| O|  |TAMS 0x0000000706900000, 0x0000000706800000| Untracked 
| 105|0x0000000706900000, 0x0000000706a00000, 0x0000000706a00000|100%| O|  |TAMS 0x0000000706a00000, 0x0000000706900000| Untracked 
| 106|0x0000000706a00000, 0x0000000706b00000, 0x0000000706b00000|100%| O|  |TAMS 0x0000000706b00000, 0x0000000706a00000| Complete 
| 107|0x0000000706b00000, 0x0000000706c00000, 0x0000000706c00000|100%| O|  |TAMS 0x0000000706c00000, 0x0000000706b00000| Complete 
| 108|0x0000000706c00000, 0x0000000706d00000, 0x0000000706d00000|100%| O|  |TAMS 0x0000000706d00000, 0x0000000706c00000| Untracked 
| 109|0x0000000706d00000, 0x0000000706e00000, 0x0000000706e00000|100%| O|  |TAMS 0x0000000706e00000, 0x0000000706d00000| Untracked 
| 110|0x0000000706e00000, 0x0000000706f00000, 0x0000000706f00000|100%| O|  |TAMS 0x0000000706f00000, 0x0000000706e00000| Untracked 
| 111|0x0000000706f00000, 0x0000000707000000, 0x0000000707000000|100%| O|  |TAMS 0x0000000707000000, 0x0000000706f00000| Untracked 
| 112|0x0000000707000000, 0x0000000707100000, 0x0000000707100000|100%| O|  |TAMS 0x0000000707100000, 0x0000000707000000| Untracked 
| 113|0x0000000707100000, 0x0000000707200000, 0x0000000707200000|100%| O|  |TAMS 0x0000000707200000, 0x0000000707100000| Untracked 
| 114|0x0000000707200000, 0x0000000707300000, 0x0000000707300000|100%| O|  |TAMS 0x0000000707300000, 0x0000000707200000| Untracked 
| 115|0x0000000707300000, 0x0000000707400000, 0x0000000707400000|100%| O|  |TAMS 0x0000000707400000, 0x0000000707300000| Untracked 
| 116|0x0000000707400000, 0x0000000707500000, 0x0000000707500000|100%| O|  |TAMS 0x0000000707500000, 0x0000000707400000| Untracked 
| 117|0x0000000707500000, 0x0000000707600000, 0x0000000707600000|100%| O|  |TAMS 0x0000000707600000, 0x0000000707500000| Untracked 
| 118|0x0000000707600000, 0x0000000707700000, 0x0000000707700000|100%| O|  |TAMS 0x0000000707700000, 0x0000000707600000| Untracked 
| 119|0x0000000707700000, 0x0000000707800000, 0x0000000707800000|100%| O|  |TAMS 0x0000000707800000, 0x0000000707700000| Untracked 
| 120|0x0000000707800000, 0x0000000707900000, 0x0000000707900000|100%| O|  |TAMS 0x0000000707900000, 0x0000000707800000| Untracked 
| 121|0x0000000707900000, 0x0000000707a00000, 0x0000000707a00000|100%| O|  |TAMS 0x0000000707a00000, 0x0000000707900000| Untracked 
| 122|0x0000000707a00000, 0x0000000707b00000, 0x0000000707b00000|100%| O|  |TAMS 0x0000000707b00000, 0x0000000707a00000| Untracked 
| 123|0x0000000707b00000, 0x0000000707c00000, 0x0000000707c00000|100%| O|  |TAMS 0x0000000707c00000, 0x0000000707b00000| Untracked 
| 124|0x0000000707c00000, 0x0000000707d00000, 0x0000000707d00000|100%| O|  |TAMS 0x0000000707d00000, 0x0000000707c00000| Untracked 
| 125|0x0000000707d00000, 0x0000000707e00000, 0x0000000707e00000|100%| O|  |TAMS 0x0000000707e00000, 0x0000000707d00000| Untracked 
| 126|0x0000000707e00000, 0x0000000707e43c00, 0x0000000707f00000| 26%| O|  |TAMS 0x0000000707e43c00, 0x0000000707e00000| Untracked 
| 127|0x0000000707f00000, 0x0000000707f00000, 0x0000000708000000|  0%| F|  |TAMS 0x0000000707f00000, 0x0000000707f00000| Untracked 
| 128|0x0000000708000000, 0x0000000708100000, 0x0000000708100000|100%| O|  |TAMS 0x0000000708100000, 0x0000000708000000| Untracked 
| 129|0x0000000708100000, 0x0000000708100000, 0x0000000708200000|  0%| F|  |TAMS 0x0000000708100000, 0x0000000708100000| Untracked 
| 130|0x0000000708200000, 0x0000000708300000, 0x0000000708300000|100%| O|  |TAMS 0x0000000708300000, 0x0000000708200000| Untracked 
| 131|0x0000000708300000, 0x0000000708400000, 0x0000000708400000|100%| O|  |TAMS 0x0000000708400000, 0x0000000708300000| Untracked 
| 132|0x0000000708400000, 0x0000000708500000, 0x0000000708500000|100%| O|  |TAMS 0x0000000708500000, 0x0000000708400000| Untracked 
| 133|0x0000000708500000, 0x0000000708500000, 0x0000000708600000|  0%| F|  |TAMS 0x0000000708500000, 0x0000000708500000| Untracked 
| 134|0x0000000708600000, 0x0000000708700000, 0x0000000708700000|100%| O|  |TAMS 0x0000000708700000, 0x0000000708600000| Complete 
| 135|0x0000000708700000, 0x0000000708800000, 0x0000000708800000|100%| O|  |TAMS 0x0000000708800000, 0x0000000708700000| Complete 
| 136|0x0000000708800000, 0x0000000708900000, 0x0000000708900000|100%| O|  |TAMS 0x0000000708900000, 0x0000000708800000| Untracked 
| 137|0x0000000708900000, 0x0000000708900000, 0x0000000708a00000|  0%| F|  |TAMS 0x0000000708900000, 0x0000000708900000| Untracked 
| 138|0x0000000708a00000, 0x0000000708b00000, 0x0000000708b00000|100%| O|  |TAMS 0x0000000708b00000, 0x0000000708a00000| Complete 
| 139|0x0000000708b00000, 0x0000000708b00000, 0x0000000708c00000|  0%| F|  |TAMS 0x0000000708b00000, 0x0000000708b00000| Untracked 
| 140|0x0000000708c00000, 0x0000000708c00000, 0x0000000708d00000|  0%| F|  |TAMS 0x0000000708c00000, 0x0000000708c00000| Untracked 
| 141|0x0000000708d00000, 0x0000000708d00000, 0x0000000708e00000|  0%| F|  |TAMS 0x0000000708d00000, 0x0000000708d00000| Untracked 
| 142|0x0000000708e00000, 0x0000000708f00000, 0x0000000708f00000|100%| O|  |TAMS 0x0000000708f00000, 0x0000000708e00000| Complete 
| 143|0x0000000708f00000, 0x0000000709000000, 0x0000000709000000|100%| O|  |TAMS 0x0000000709000000, 0x0000000708f00000| Complete 
| 144|0x0000000709000000, 0x0000000709100000, 0x0000000709100000|100%| O|  |TAMS 0x0000000709100000, 0x0000000709000000| Complete 
| 145|0x0000000709100000, 0x0000000709200000, 0x0000000709200000|100%| O|  |TAMS 0x0000000709200000, 0x0000000709100000| Untracked 
| 146|0x0000000709200000, 0x0000000709200000, 0x0000000709300000|  0%| F|  |TAMS 0x0000000709200000, 0x0000000709200000| Untracked 
| 147|0x0000000709300000, 0x0000000709300000, 0x0000000709400000|  0%| F|  |TAMS 0x0000000709300000, 0x0000000709300000| Untracked 
| 148|0x0000000709400000, 0x0000000709400000, 0x0000000709500000|  0%| F|  |TAMS 0x0000000709400000, 0x0000000709400000| Untracked 
| 149|0x0000000709500000, 0x0000000709500000, 0x0000000709600000|  0%| F|  |TAMS 0x0000000709500000, 0x0000000709500000| Untracked 
| 150|0x0000000709600000, 0x0000000709600000, 0x0000000709700000|  0%| F|  |TAMS 0x0000000709600000, 0x0000000709600000| Untracked 
| 151|0x0000000709700000, 0x0000000709800000, 0x0000000709800000|100%| O|  |TAMS 0x0000000709800000, 0x0000000709700000| Complete 
| 152|0x0000000709800000, 0x0000000709800000, 0x0000000709900000|  0%| F|  |TAMS 0x0000000709800000, 0x0000000709800000| Untracked 
| 153|0x0000000709900000, 0x0000000709900000, 0x0000000709a00000|  0%| F|  |TAMS 0x0000000709900000, 0x0000000709900000| Untracked 
| 154|0x0000000709a00000, 0x0000000709b00000, 0x0000000709b00000|100%| O|  |TAMS 0x0000000709b00000, 0x0000000709a00000| Untracked 
| 155|0x0000000709b00000, 0x0000000709c00000, 0x0000000709c00000|100%| O|  |TAMS 0x0000000709c00000, 0x0000000709b00000| Complete 
| 156|0x0000000709c00000, 0x0000000709d00000, 0x0000000709d00000|100%| O|  |TAMS 0x0000000709d00000, 0x0000000709c00000| Untracked 
| 157|0x0000000709d00000, 0x0000000709e00000, 0x0000000709e00000|100%| O|  |TAMS 0x0000000709e00000, 0x0000000709d00000| Untracked 
| 158|0x0000000709e00000, 0x0000000709f00000, 0x0000000709f00000|100%| O|  |TAMS 0x0000000709f00000, 0x0000000709e00000| Untracked 
| 159|0x0000000709f00000, 0x000000070a000000, 0x000000070a000000|100%| O|  |TAMS 0x000000070a000000, 0x0000000709f00000| Untracked 
| 160|0x000000070a000000, 0x000000070a100000, 0x000000070a100000|100%| O|  |TAMS 0x000000070a100000, 0x000000070a000000| Untracked 
| 161|0x000000070a100000, 0x000000070a200000, 0x000000070a200000|100%| O|  |TAMS 0x000000070a200000, 0x000000070a100000| Untracked 
| 162|0x000000070a200000, 0x000000070a300000, 0x000000070a300000|100%| O|  |TAMS 0x000000070a300000, 0x000000070a200000| Complete 
| 163|0x000000070a300000, 0x000000070a300000, 0x000000070a400000|  0%| F|  |TAMS 0x000000070a300000, 0x000000070a300000| Untracked 
| 164|0x000000070a400000, 0x000000070a400000, 0x000000070a500000|  0%| F|  |TAMS 0x000000070a400000, 0x000000070a400000| Untracked 
| 165|0x000000070a500000, 0x000000070a500000, 0x000000070a600000|  0%| F|  |TAMS 0x000000070a500000, 0x000000070a500000| Untracked 
| 166|0x000000070a600000, 0x000000070a600000, 0x000000070a700000|  0%| F|  |TAMS 0x000000070a600000, 0x000000070a600000| Untracked 
| 167|0x000000070a700000, 0x000000070a800000, 0x000000070a800000|100%| O|  |TAMS 0x000000070a800000, 0x000000070a700000| Untracked 
| 168|0x000000070a800000, 0x000000070a800000, 0x000000070a900000|  0%| F|  |TAMS 0x000000070a800000, 0x000000070a800000| Untracked 
| 169|0x000000070a900000, 0x000000070a900000, 0x000000070aa00000|  0%| F|  |TAMS 0x000000070a900000, 0x000000070a900000| Untracked 
| 170|0x000000070aa00000, 0x000000070aa00000, 0x000000070ab00000|  0%| F|  |TAMS 0x000000070aa00000, 0x000000070aa00000| Untracked 
| 171|0x000000070ab00000, 0x000000070ab00000, 0x000000070ac00000|  0%| F|  |TAMS 0x000000070ab00000, 0x000000070ab00000| Untracked 
| 172|0x000000070ac00000, 0x000000070ad00000, 0x000000070ad00000|100%| O|  |TAMS 0x000000070ad00000, 0x000000070ac00000| Untracked 
| 173|0x000000070ad00000, 0x000000070ad00000, 0x000000070ae00000|  0%| F|  |TAMS 0x000000070ad00000, 0x000000070ad00000| Untracked 
| 174|0x000000070ae00000, 0x000000070ae00000, 0x000000070af00000|  0%| F|  |TAMS 0x000000070ae00000, 0x000000070ae00000| Untracked 
| 175|0x000000070af00000, 0x000000070af00000, 0x000000070b000000|  0%| F|  |TAMS 0x000000070af00000, 0x000000070af00000| Untracked 
| 176|0x000000070b000000, 0x000000070b100000, 0x000000070b100000|100%| O|  |TAMS 0x000000070b100000, 0x000000070b000000| Untracked 
| 177|0x000000070b100000, 0x000000070b100000, 0x000000070b200000|  0%| F|  |TAMS 0x000000070b100000, 0x000000070b100000| Untracked 
| 178|0x000000070b200000, 0x000000070b300000, 0x000000070b300000|100%| O|  |TAMS 0x000000070b300000, 0x000000070b200000| Untracked 
| 179|0x000000070b300000, 0x000000070b300000, 0x000000070b400000|  0%| F|  |TAMS 0x000000070b300000, 0x000000070b300000| Untracked 
| 180|0x000000070b400000, 0x000000070b500000, 0x000000070b500000|100%| O|  |TAMS 0x000000070b500000, 0x000000070b400000| Untracked 
| 181|0x000000070b500000, 0x000000070b500000, 0x000000070b600000|  0%| F|  |TAMS 0x000000070b500000, 0x000000070b500000| Untracked 
| 182|0x000000070b600000, 0x000000070b600000, 0x000000070b700000|  0%| F|  |TAMS 0x000000070b600000, 0x000000070b600000| Untracked 
| 183|0x000000070b700000, 0x000000070b700000, 0x000000070b800000|  0%| F|  |TAMS 0x000000070b700000, 0x000000070b700000| Untracked 
| 184|0x000000070b800000, 0x000000070b800000, 0x000000070b900000|  0%| F|  |TAMS 0x000000070b800000, 0x000000070b800000| Untracked 
| 185|0x000000070b900000, 0x000000070b900000, 0x000000070ba00000|  0%| F|  |TAMS 0x000000070b900000, 0x000000070b900000| Untracked 
| 186|0x000000070ba00000, 0x000000070bb00000, 0x000000070bb00000|100%| O|  |TAMS 0x000000070bb00000, 0x000000070ba00000| Untracked 
| 187|0x000000070bb00000, 0x000000070bc00000, 0x000000070bc00000|100%| O|  |TAMS 0x000000070bc00000, 0x000000070bb00000| Complete 
| 188|0x000000070bc00000, 0x000000070bd00000, 0x000000070bd00000|100%| O|  |TAMS 0x000000070bd00000, 0x000000070bc00000| Untracked 
| 189|0x000000070bd00000, 0x000000070be00000, 0x000000070be00000|100%| O|  |TAMS 0x000000070be00000, 0x000000070bd00000| Complete 
| 190|0x000000070be00000, 0x000000070bf00000, 0x000000070bf00000|100%| O|  |TAMS 0x000000070bf00000, 0x000000070be00000| Complete 
| 191|0x000000070bf00000, 0x000000070c000000, 0x000000070c000000|100%| O|  |TAMS 0x000000070c000000, 0x000000070bf00000| Complete 
| 192|0x000000070c000000, 0x000000070c100000, 0x000000070c100000|100%| O|  |TAMS 0x000000070c100000, 0x000000070c000000| Complete 
| 193|0x000000070c100000, 0x000000070c200000, 0x000000070c200000|100%| O|  |TAMS 0x000000070c200000, 0x000000070c100000| Complete 
| 194|0x000000070c200000, 0x000000070c300000, 0x000000070c300000|100%| O|  |TAMS 0x000000070c300000, 0x000000070c200000| Complete 
| 195|0x000000070c300000, 0x000000070c400000, 0x000000070c400000|100%| O|  |TAMS 0x000000070c400000, 0x000000070c300000| Complete 
| 196|0x000000070c400000, 0x000000070c500000, 0x000000070c500000|100%| O|  |TAMS 0x000000070c500000, 0x000000070c400000| Complete 
| 197|0x000000070c500000, 0x000000070c600000, 0x000000070c600000|100%| O|  |TAMS 0x000000070c600000, 0x000000070c500000| Complete 
| 198|0x000000070c600000, 0x000000070c700000, 0x000000070c700000|100%| O|  |TAMS 0x000000070c700000, 0x000000070c600000| Complete 
| 199|0x000000070c700000, 0x000000070c800000, 0x000000070c800000|100%| O|  |TAMS 0x000000070c800000, 0x000000070c700000| Complete 
| 200|0x000000070c800000, 0x000000070c900000, 0x000000070c900000|100%| O|  |TAMS 0x000000070c900000, 0x000000070c800000| Complete 
| 201|0x000000070c900000, 0x000000070ca00000, 0x000000070ca00000|100%| O|  |TAMS 0x000000070ca00000, 0x000000070c900000| Untracked 
| 202|0x000000070ca00000, 0x000000070cb00000, 0x000000070cb00000|100%| O|  |TAMS 0x000000070cb00000, 0x000000070ca00000| Untracked 
| 203|0x000000070cb00000, 0x000000070cc00000, 0x000000070cc00000|100%| O|  |TAMS 0x000000070cc00000, 0x000000070cb00000| Untracked 
| 204|0x000000070cc00000, 0x000000070cd00000, 0x000000070cd00000|100%| O|  |TAMS 0x000000070cd00000, 0x000000070cc00000| Complete 
| 205|0x000000070cd00000, 0x000000070ce00000, 0x000000070ce00000|100%| O|  |TAMS 0x000000070ce00000, 0x000000070cd00000| Untracked 
| 206|0x000000070ce00000, 0x000000070cf00000, 0x000000070cf00000|100%| O|  |TAMS 0x000000070cf00000, 0x000000070ce00000| Untracked 
| 207|0x000000070cf00000, 0x000000070d000000, 0x000000070d000000|100%| O|  |TAMS 0x000000070d000000, 0x000000070cf00000| Untracked 
| 208|0x000000070d000000, 0x000000070d100000, 0x000000070d100000|100%| O|  |TAMS 0x000000070d100000, 0x000000070d000000| Complete 
| 209|0x000000070d100000, 0x000000070d200000, 0x000000070d200000|100%| O|  |TAMS 0x000000070d200000, 0x000000070d100000| Untracked 
| 210|0x000000070d200000, 0x000000070d200000, 0x000000070d300000|  0%| F|  |TAMS 0x000000070d200000, 0x000000070d200000| Untracked 
| 211|0x000000070d300000, 0x000000070d400000, 0x000000070d400000|100%| O|  |TAMS 0x000000070d400000, 0x000000070d300000| Untracked 
| 212|0x000000070d400000, 0x000000070d500000, 0x000000070d500000|100%| O|  |TAMS 0x000000070d500000, 0x000000070d400000| Complete 
| 213|0x000000070d500000, 0x000000070d600000, 0x000000070d600000|100%| O|  |TAMS 0x000000070d600000, 0x000000070d500000| Complete 
| 214|0x000000070d600000, 0x000000070d700000, 0x000000070d700000|100%| O|  |TAMS 0x000000070d700000, 0x000000070d600000| Untracked 
| 215|0x000000070d700000, 0x000000070d700000, 0x000000070d800000|  0%| F|  |TAMS 0x000000070d700000, 0x000000070d700000| Untracked 
| 216|0x000000070d800000, 0x000000070d900000, 0x000000070d900000|100%| O|  |TAMS 0x000000070d900000, 0x000000070d800000| Complete 
| 217|0x000000070d900000, 0x000000070d900000, 0x000000070da00000|  0%| F|  |TAMS 0x000000070d900000, 0x000000070d900000| Untracked 
| 218|0x000000070da00000, 0x000000070da00000, 0x000000070db00000|  0%| F|  |TAMS 0x000000070da00000, 0x000000070da00000| Untracked 
| 219|0x000000070db00000, 0x000000070dc00000, 0x000000070dc00000|100%| O|  |TAMS 0x000000070dc00000, 0x000000070db00000| Untracked 
| 220|0x000000070dc00000, 0x000000070dd00000, 0x000000070dd00000|100%| O|  |TAMS 0x000000070dd00000, 0x000000070dc00000| Untracked 
| 221|0x000000070dd00000, 0x000000070de00000, 0x000000070de00000|100%| O|  |TAMS 0x000000070de00000, 0x000000070dd00000| Untracked 
| 222|0x000000070de00000, 0x000000070df00000, 0x000000070df00000|100%| O|  |TAMS 0x000000070df00000, 0x000000070de00000| Untracked 
| 223|0x000000070df00000, 0x000000070e000000, 0x000000070e000000|100%| O|  |TAMS 0x000000070e000000, 0x000000070df00000| Untracked 
| 224|0x000000070e000000, 0x000000070e100000, 0x000000070e100000|100%| O|  |TAMS 0x000000070e100000, 0x000000070e000000| Untracked 
| 225|0x000000070e100000, 0x000000070e200000, 0x000000070e200000|100%| O|  |TAMS 0x000000070e200000, 0x000000070e100000| Untracked 
| 226|0x000000070e200000, 0x000000070e200000, 0x000000070e300000|  0%| F|  |TAMS 0x000000070e200000, 0x000000070e200000| Untracked 
| 227|0x000000070e300000, 0x000000070e300000, 0x000000070e400000|  0%| F|  |TAMS 0x000000070e300000, 0x000000070e300000| Untracked 
| 228|0x000000070e400000, 0x000000070e400000, 0x000000070e500000|  0%| F|  |TAMS 0x000000070e400000, 0x000000070e400000| Untracked 
| 229|0x000000070e500000, 0x000000070e500000, 0x000000070e600000|  0%| F|  |TAMS 0x000000070e500000, 0x000000070e500000| Untracked 
| 230|0x000000070e600000, 0x000000070e600000, 0x000000070e700000|  0%| F|  |TAMS 0x000000070e600000, 0x000000070e600000| Untracked 
| 231|0x000000070e700000, 0x000000070e700000, 0x000000070e800000|  0%| F|  |TAMS 0x000000070e700000, 0x000000070e700000| Untracked 
| 232|0x000000070e800000, 0x000000070e800000, 0x000000070e900000|  0%| F|  |TAMS 0x000000070e800000, 0x000000070e800000| Untracked 
| 233|0x000000070e900000, 0x000000070e900000, 0x000000070ea00000|  0%| F|  |TAMS 0x000000070e900000, 0x000000070e900000| Untracked 
| 234|0x000000070ea00000, 0x000000070ea00000, 0x000000070eb00000|  0%| F|  |TAMS 0x000000070ea00000, 0x000000070ea00000| Untracked 
| 235|0x000000070eb00000, 0x000000070eb00000, 0x000000070ec00000|  0%| F|  |TAMS 0x000000070eb00000, 0x000000070eb00000| Untracked 
| 236|0x000000070ec00000, 0x000000070ec00000, 0x000000070ed00000|  0%| F|  |TAMS 0x000000070ec00000, 0x000000070ec00000| Untracked 
| 237|0x000000070ed00000, 0x000000070ed00000, 0x000000070ee00000|  0%| F|  |TAMS 0x000000070ed00000, 0x000000070ed00000| Untracked 
| 238|0x000000070ee00000, 0x000000070ee00000, 0x000000070ef00000|  0%| F|  |TAMS 0x000000070ee00000, 0x000000070ee00000| Untracked 
| 239|0x000000070ef00000, 0x000000070ef00000, 0x000000070f000000|  0%| F|  |TAMS 0x000000070ef00000, 0x000000070ef00000| Untracked 
| 240|0x000000070f000000, 0x000000070f000000, 0x000000070f100000|  0%| F|  |TAMS 0x000000070f000000, 0x000000070f000000| Untracked 
| 241|0x000000070f100000, 0x000000070f100000, 0x000000070f200000|  0%| F|  |TAMS 0x000000070f100000, 0x000000070f100000| Untracked 
| 242|0x000000070f200000, 0x000000070f200000, 0x000000070f300000|  0%| F|  |TAMS 0x000000070f200000, 0x000000070f200000| Untracked 
| 243|0x000000070f300000, 0x000000070f300000, 0x000000070f400000|  0%| F|  |TAMS 0x000000070f300000, 0x000000070f300000| Untracked 
| 244|0x000000070f400000, 0x000000070f400000, 0x000000070f500000|  0%| F|  |TAMS 0x000000070f400000, 0x000000070f400000| Untracked 
| 245|0x000000070f500000, 0x000000070f500000, 0x000000070f600000|  0%| F|  |TAMS 0x000000070f500000, 0x000000070f500000| Untracked 
| 246|0x000000070f600000, 0x000000070f600000, 0x000000070f700000|  0%| F|  |TAMS 0x000000070f600000, 0x000000070f600000| Untracked 
| 247|0x000000070f700000, 0x000000070f700000, 0x000000070f800000|  0%| F|  |TAMS 0x000000070f700000, 0x000000070f700000| Untracked 
| 248|0x000000070f800000, 0x000000070f900000, 0x000000070f900000|100%| S|CS|TAMS 0x000000070f800000, 0x000000070f800000| Complete 
| 249|0x000000070f900000, 0x000000070fa00000, 0x000000070fa00000|100%| S|CS|TAMS 0x000000070f900000, 0x000000070f900000| Complete 
| 250|0x000000070fa00000, 0x000000070fb00000, 0x000000070fb00000|100%| S|CS|TAMS 0x000000070fa00000, 0x000000070fa00000| Complete 
| 251|0x000000070fb00000, 0x000000070fc00000, 0x000000070fc00000|100%| S|CS|TAMS 0x000000070fb00000, 0x000000070fb00000| Complete 
| 252|0x000000070fc00000, 0x000000070fd00000, 0x000000070fd00000|100%| S|CS|TAMS 0x000000070fc00000, 0x000000070fc00000| Complete 
| 253|0x000000070fd00000, 0x000000070fe00000, 0x000000070fe00000|100%| S|CS|TAMS 0x000000070fd00000, 0x000000070fd00000| Complete 
| 254|0x000000070fe00000, 0x000000070ff00000, 0x000000070ff00000|100%| S|CS|TAMS 0x000000070fe00000, 0x000000070fe00000| Complete 
| 255|0x000000070ff00000, 0x000000070ff00000, 0x0000000710000000|  0%| F|  |TAMS 0x000000070ff00000, 0x000000070ff00000| Untracked 
| 256|0x0000000710000000, 0x0000000710000000, 0x0000000710100000|  0%| F|  |TAMS 0x0000000710000000, 0x0000000710000000| Untracked 
| 257|0x0000000710100000, 0x0000000710100000, 0x0000000710200000|  0%| F|  |TAMS 0x0000000710100000, 0x0000000710100000| Untracked 
| 258|0x0000000710200000, 0x0000000710200000, 0x0000000710300000|  0%| F|  |TAMS 0x0000000710200000, 0x0000000710200000| Untracked 
| 259|0x0000000710300000, 0x0000000710300000, 0x0000000710400000|  0%| F|  |TAMS 0x0000000710300000, 0x0000000710300000| Untracked 
| 260|0x0000000710400000, 0x0000000710400000, 0x0000000710500000|  0%| F|  |TAMS 0x0000000710400000, 0x0000000710400000| Untracked 
| 261|0x0000000710500000, 0x0000000710500000, 0x0000000710600000|  0%| F|  |TAMS 0x0000000710500000, 0x0000000710500000| Untracked 
| 262|0x0000000710600000, 0x0000000710600000, 0x0000000710700000|  0%| F|  |TAMS 0x0000000710600000, 0x0000000710600000| Untracked 
| 263|0x0000000710700000, 0x0000000710700000, 0x0000000710800000|  0%| F|  |TAMS 0x0000000710700000, 0x0000000710700000| Untracked 
| 264|0x0000000710800000, 0x000000071082cb70, 0x0000000710900000| 17%| E|  |TAMS 0x0000000710800000, 0x0000000710800000| Complete 
| 265|0x0000000710900000, 0x0000000710a00000, 0x0000000710a00000|100%| E|CS|TAMS 0x0000000710900000, 0x0000000710900000| Complete 
| 266|0x0000000710a00000, 0x0000000710b00000, 0x0000000710b00000|100%| E|CS|TAMS 0x0000000710a00000, 0x0000000710a00000| Complete 
| 267|0x0000000710b00000, 0x0000000710c00000, 0x0000000710c00000|100%| E|CS|TAMS 0x0000000710b00000, 0x0000000710b00000| Complete 
| 268|0x0000000710c00000, 0x0000000710d00000, 0x0000000710d00000|100%| E|CS|TAMS 0x0000000710c00000, 0x0000000710c00000| Complete 
| 269|0x0000000710d00000, 0x0000000710e00000, 0x0000000710e00000|100%| E|CS|TAMS 0x0000000710d00000, 0x0000000710d00000| Complete 
| 270|0x0000000710e00000, 0x0000000710f00000, 0x0000000710f00000|100%| E|CS|TAMS 0x0000000710e00000, 0x0000000710e00000| Complete 
| 271|0x0000000710f00000, 0x0000000711000000, 0x0000000711000000|100%| E|CS|TAMS 0x0000000710f00000, 0x0000000710f00000| Complete 
| 272|0x0000000711000000, 0x0000000711100000, 0x0000000711100000|100%| E|CS|TAMS 0x0000000711000000, 0x0000000711000000| Complete 
| 273|0x0000000711100000, 0x0000000711200000, 0x0000000711200000|100%| E|CS|TAMS 0x0000000711100000, 0x0000000711100000| Complete 
| 274|0x0000000711200000, 0x0000000711300000, 0x0000000711300000|100%| E|CS|TAMS 0x0000000711200000, 0x0000000711200000| Complete 
| 275|0x0000000711300000, 0x0000000711400000, 0x0000000711400000|100%| E|CS|TAMS 0x0000000711300000, 0x0000000711300000| Complete 
| 276|0x0000000711400000, 0x0000000711500000, 0x0000000711500000|100%| E|CS|TAMS 0x0000000711400000, 0x0000000711400000| Complete 
| 277|0x0000000711500000, 0x0000000711600000, 0x0000000711600000|100%| E|CS|TAMS 0x0000000711500000, 0x0000000711500000| Complete 
| 278|0x0000000711600000, 0x0000000711700000, 0x0000000711700000|100%| E|CS|TAMS 0x0000000711600000, 0x0000000711600000| Complete 
| 279|0x0000000711700000, 0x0000000711800000, 0x0000000711800000|100%| E|CS|TAMS 0x0000000711700000, 0x0000000711700000| Complete 
| 280|0x0000000711800000, 0x0000000711900000, 0x0000000711900000|100%| E|CS|TAMS 0x0000000711800000, 0x0000000711800000| Complete 
| 281|0x0000000711900000, 0x0000000711a00000, 0x0000000711a00000|100%| E|CS|TAMS 0x0000000711900000, 0x0000000711900000| Complete 
| 282|0x0000000711a00000, 0x0000000711b00000, 0x0000000711b00000|100%| E|CS|TAMS 0x0000000711a00000, 0x0000000711a00000| Complete 
| 283|0x0000000711b00000, 0x0000000711c00000, 0x0000000711c00000|100%| E|CS|TAMS 0x0000000711b00000, 0x0000000711b00000| Complete 
| 284|0x0000000711c00000, 0x0000000711d00000, 0x0000000711d00000|100%| E|CS|TAMS 0x0000000711c00000, 0x0000000711c00000| Complete 
| 285|0x0000000711d00000, 0x0000000711e00000, 0x0000000711e00000|100%| E|CS|TAMS 0x0000000711d00000, 0x0000000711d00000| Complete 
| 286|0x0000000711e00000, 0x0000000711f00000, 0x0000000711f00000|100%| E|CS|TAMS 0x0000000711e00000, 0x0000000711e00000| Complete 
| 287|0x0000000711f00000, 0x0000000712000000, 0x0000000712000000|100%| E|CS|TAMS 0x0000000711f00000, 0x0000000711f00000| Complete 
| 288|0x0000000712000000, 0x0000000712100000, 0x0000000712100000|100%| E|CS|TAMS 0x0000000712000000, 0x0000000712000000| Complete 
| 289|0x0000000712100000, 0x0000000712200000, 0x0000000712200000|100%| E|CS|TAMS 0x0000000712100000, 0x0000000712100000| Complete 
| 290|0x0000000712200000, 0x0000000712300000, 0x0000000712300000|100%| E|CS|TAMS 0x0000000712200000, 0x0000000712200000| Complete 
| 291|0x0000000712300000, 0x0000000712400000, 0x0000000712400000|100%| E|CS|TAMS 0x0000000712300000, 0x0000000712300000| Complete 
| 292|0x0000000712400000, 0x0000000712500000, 0x0000000712500000|100%| E|CS|TAMS 0x0000000712400000, 0x0000000712400000| Complete 
| 293|0x0000000712500000, 0x0000000712600000, 0x0000000712600000|100%| E|CS|TAMS 0x0000000712500000, 0x0000000712500000| Complete 
| 294|0x0000000712600000, 0x0000000712700000, 0x0000000712700000|100%| E|CS|TAMS 0x0000000712600000, 0x0000000712600000| Complete 
| 295|0x0000000712700000, 0x0000000712800000, 0x0000000712800000|100%| E|CS|TAMS 0x0000000712700000, 0x0000000712700000| Complete 
| 296|0x0000000712800000, 0x0000000712900000, 0x0000000712900000|100%| E|CS|TAMS 0x0000000712800000, 0x0000000712800000| Complete 
| 297|0x0000000712900000, 0x0000000712a00000, 0x0000000712a00000|100%| E|CS|TAMS 0x0000000712900000, 0x0000000712900000| Complete 
| 298|0x0000000712a00000, 0x0000000712b00000, 0x0000000712b00000|100%| E|CS|TAMS 0x0000000712a00000, 0x0000000712a00000| Complete 
| 299|0x0000000712b00000, 0x0000000712c00000, 0x0000000712c00000|100%| E|CS|TAMS 0x0000000712b00000, 0x0000000712b00000| Complete 
| 300|0x0000000712c00000, 0x0000000712d00000, 0x0000000712d00000|100%| E|CS|TAMS 0x0000000712c00000, 0x0000000712c00000| Complete 
| 301|0x0000000712d00000, 0x0000000712e00000, 0x0000000712e00000|100%| E|CS|TAMS 0x0000000712d00000, 0x0000000712d00000| Complete 
| 302|0x0000000712e00000, 0x0000000712f00000, 0x0000000712f00000|100%| E|CS|TAMS 0x0000000712e00000, 0x0000000712e00000| Complete 
| 303|0x0000000712f00000, 0x0000000713000000, 0x0000000713000000|100%| E|CS|TAMS 0x0000000712f00000, 0x0000000712f00000| Complete 
| 304|0x0000000713000000, 0x0000000713100000, 0x0000000713100000|100%| E|CS|TAMS 0x0000000713000000, 0x0000000713000000| Complete 
| 305|0x0000000713100000, 0x0000000713200000, 0x0000000713200000|100%| E|CS|TAMS 0x0000000713100000, 0x0000000713100000| Complete 
| 306|0x0000000713200000, 0x0000000713300000, 0x0000000713300000|100%| E|CS|TAMS 0x0000000713200000, 0x0000000713200000| Complete 
| 307|0x0000000713300000, 0x0000000713400000, 0x0000000713400000|100%| E|CS|TAMS 0x0000000713300000, 0x0000000713300000| Complete 
| 308|0x0000000713400000, 0x0000000713500000, 0x0000000713500000|100%| E|CS|TAMS 0x0000000713400000, 0x0000000713400000| Complete 
| 309|0x0000000713500000, 0x0000000713600000, 0x0000000713600000|100%| E|CS|TAMS 0x0000000713500000, 0x0000000713500000| Complete 
| 310|0x0000000713600000, 0x0000000713700000, 0x0000000713700000|100%| E|CS|TAMS 0x0000000713600000, 0x0000000713600000| Complete 
| 311|0x0000000713700000, 0x0000000713800000, 0x0000000713800000|100%| E|CS|TAMS 0x0000000713700000, 0x0000000713700000| Complete 
| 312|0x0000000713800000, 0x0000000713900000, 0x0000000713900000|100%| E|CS|TAMS 0x0000000713800000, 0x0000000713800000| Complete 
| 313|0x0000000713900000, 0x0000000713a00000, 0x0000000713a00000|100%| E|CS|TAMS 0x0000000713900000, 0x0000000713900000| Complete 
| 314|0x0000000713a00000, 0x0000000713b00000, 0x0000000713b00000|100%| E|CS|TAMS 0x0000000713a00000, 0x0000000713a00000| Complete 
| 315|0x0000000713b00000, 0x0000000713c00000, 0x0000000713c00000|100%| E|CS|TAMS 0x0000000713b00000, 0x0000000713b00000| Complete 
| 316|0x0000000713c00000, 0x0000000713d00000, 0x0000000713d00000|100%| E|CS|TAMS 0x0000000713c00000, 0x0000000713c00000| Complete 
| 317|0x0000000713d00000, 0x0000000713e00000, 0x0000000713e00000|100%| E|CS|TAMS 0x0000000713d00000, 0x0000000713d00000| Complete 
| 318|0x0000000713e00000, 0x0000000713f00000, 0x0000000713f00000|100%| E|CS|TAMS 0x0000000713e00000, 0x0000000713e00000| Complete 
| 319|0x0000000713f00000, 0x0000000714000000, 0x0000000714000000|100%| E|CS|TAMS 0x0000000713f00000, 0x0000000713f00000| Complete 
| 320|0x0000000714000000, 0x0000000714100000, 0x0000000714100000|100%| E|CS|TAMS 0x0000000714000000, 0x0000000714000000| Complete 
| 321|0x0000000714100000, 0x0000000714200000, 0x0000000714200000|100%| E|CS|TAMS 0x0000000714100000, 0x0000000714100000| Complete 
| 322|0x0000000714200000, 0x0000000714300000, 0x0000000714300000|100%| E|CS|TAMS 0x0000000714200000, 0x0000000714200000| Complete 
| 323|0x0000000714300000, 0x0000000714400000, 0x0000000714400000|100%| E|CS|TAMS 0x0000000714300000, 0x0000000714300000| Complete 
| 324|0x0000000714400000, 0x0000000714500000, 0x0000000714500000|100%| E|CS|TAMS 0x0000000714400000, 0x0000000714400000| Complete 
| 325|0x0000000714500000, 0x0000000714600000, 0x0000000714600000|100%| E|CS|TAMS 0x0000000714500000, 0x0000000714500000| Complete 
| 326|0x0000000714600000, 0x0000000714700000, 0x0000000714700000|100%| E|CS|TAMS 0x0000000714600000, 0x0000000714600000| Complete 
| 327|0x0000000714700000, 0x0000000714800000, 0x0000000714800000|100%| E|CS|TAMS 0x0000000714700000, 0x0000000714700000| Complete 
| 328|0x0000000714800000, 0x0000000714900000, 0x0000000714900000|100%| E|CS|TAMS 0x0000000714800000, 0x0000000714800000| Complete 
| 329|0x0000000714900000, 0x0000000714a00000, 0x0000000714a00000|100%| E|CS|TAMS 0x0000000714900000, 0x0000000714900000| Complete 
| 330|0x0000000714a00000, 0x0000000714b00000, 0x0000000714b00000|100%| E|CS|TAMS 0x0000000714a00000, 0x0000000714a00000| Complete 
| 331|0x0000000714b00000, 0x0000000714c00000, 0x0000000714c00000|100%| E|CS|TAMS 0x0000000714b00000, 0x0000000714b00000| Complete 
| 332|0x0000000714c00000, 0x0000000714d00000, 0x0000000714d00000|100%| E|CS|TAMS 0x0000000714c00000, 0x0000000714c00000| Complete 
| 333|0x0000000714d00000, 0x0000000714e00000, 0x0000000714e00000|100%| E|CS|TAMS 0x0000000714d00000, 0x0000000714d00000| Complete 
| 334|0x0000000714e00000, 0x0000000714f00000, 0x0000000714f00000|100%| E|CS|TAMS 0x0000000714e00000, 0x0000000714e00000| Complete 
| 335|0x0000000714f00000, 0x0000000715000000, 0x0000000715000000|100%| E|CS|TAMS 0x0000000714f00000, 0x0000000714f00000| Complete 
| 336|0x0000000715000000, 0x0000000715100000, 0x0000000715100000|100%| E|CS|TAMS 0x0000000715000000, 0x0000000715000000| Complete 
| 337|0x0000000715100000, 0x0000000715200000, 0x0000000715200000|100%| E|CS|TAMS 0x0000000715100000, 0x0000000715100000| Complete 
| 338|0x0000000715200000, 0x0000000715300000, 0x0000000715300000|100%| E|CS|TAMS 0x0000000715200000, 0x0000000715200000| Complete 
| 339|0x0000000715300000, 0x0000000715400000, 0x0000000715400000|100%| E|CS|TAMS 0x0000000715300000, 0x0000000715300000| Complete 
| 340|0x0000000715400000, 0x0000000715500000, 0x0000000715500000|100%| E|CS|TAMS 0x0000000715400000, 0x0000000715400000| Complete 
| 341|0x0000000715500000, 0x0000000715600000, 0x0000000715600000|100%| E|CS|TAMS 0x0000000715500000, 0x0000000715500000| Complete 
| 342|0x0000000715600000, 0x0000000715700000, 0x0000000715700000|100%| E|CS|TAMS 0x0000000715600000, 0x0000000715600000| Complete 
| 343|0x0000000715700000, 0x0000000715800000, 0x0000000715800000|100%| E|CS|TAMS 0x0000000715700000, 0x0000000715700000| Complete 
| 344|0x0000000715800000, 0x0000000715900000, 0x0000000715900000|100%| E|CS|TAMS 0x0000000715800000, 0x0000000715800000| Complete 
| 345|0x0000000715900000, 0x0000000715a00000, 0x0000000715a00000|100%| E|CS|TAMS 0x0000000715900000, 0x0000000715900000| Complete 
| 346|0x0000000715a00000, 0x0000000715b00000, 0x0000000715b00000|100%| E|CS|TAMS 0x0000000715a00000, 0x0000000715a00000| Complete 
| 347|0x0000000715b00000, 0x0000000715c00000, 0x0000000715c00000|100%| E|CS|TAMS 0x0000000715b00000, 0x0000000715b00000| Complete 
| 348|0x0000000715c00000, 0x0000000715d00000, 0x0000000715d00000|100%| E|CS|TAMS 0x0000000715c00000, 0x0000000715c00000| Complete 
| 349|0x0000000715d00000, 0x0000000715e00000, 0x0000000715e00000|100%| E|CS|TAMS 0x0000000715d00000, 0x0000000715d00000| Complete 
| 350|0x0000000715e00000, 0x0000000715f00000, 0x0000000715f00000|100%| E|CS|TAMS 0x0000000715e00000, 0x0000000715e00000| Complete 
| 351|0x0000000715f00000, 0x0000000716000000, 0x0000000716000000|100%| E|CS|TAMS 0x0000000715f00000, 0x0000000715f00000| Complete 
| 352|0x0000000716000000, 0x0000000716100000, 0x0000000716100000|100%| E|CS|TAMS 0x0000000716000000, 0x0000000716000000| Complete 
| 353|0x0000000716100000, 0x0000000716200000, 0x0000000716200000|100%| E|CS|TAMS 0x0000000716100000, 0x0000000716100000| Complete 
| 354|0x0000000716200000, 0x0000000716300000, 0x0000000716300000|100%| E|CS|TAMS 0x0000000716200000, 0x0000000716200000| Complete 
| 355|0x0000000716300000, 0x0000000716400000, 0x0000000716400000|100%| E|CS|TAMS 0x0000000716300000, 0x0000000716300000| Complete 
| 356|0x0000000716400000, 0x0000000716500000, 0x0000000716500000|100%| E|CS|TAMS 0x0000000716400000, 0x0000000716400000| Complete 
| 357|0x0000000716500000, 0x0000000716600000, 0x0000000716600000|100%| E|CS|TAMS 0x0000000716500000, 0x0000000716500000| Complete 
| 358|0x0000000716600000, 0x0000000716700000, 0x0000000716700000|100%| E|CS|TAMS 0x0000000716600000, 0x0000000716600000| Complete 
| 359|0x0000000716700000, 0x0000000716800000, 0x0000000716800000|100%| E|CS|TAMS 0x0000000716700000, 0x0000000716700000| Complete 
| 360|0x0000000716800000, 0x0000000716900000, 0x0000000716900000|100%| E|CS|TAMS 0x0000000716800000, 0x0000000716800000| Complete 
| 361|0x0000000716900000, 0x0000000716a00000, 0x0000000716a00000|100%| E|CS|TAMS 0x0000000716900000, 0x0000000716900000| Complete 
| 362|0x0000000716a00000, 0x0000000716b00000, 0x0000000716b00000|100%| E|CS|TAMS 0x0000000716a00000, 0x0000000716a00000| Complete 
| 363|0x0000000716b00000, 0x0000000716c00000, 0x0000000716c00000|100%| E|CS|TAMS 0x0000000716b00000, 0x0000000716b00000| Complete 
| 364|0x0000000716c00000, 0x0000000716d00000, 0x0000000716d00000|100%| E|CS|TAMS 0x0000000716c00000, 0x0000000716c00000| Complete 
| 365|0x0000000716d00000, 0x0000000716e00000, 0x0000000716e00000|100%| E|CS|TAMS 0x0000000716d00000, 0x0000000716d00000| Complete 

Card table byte_map: [0x0000022ba2da0000,0x0000022ba35a0000] _byte_map_base: 0x0000022b9f5a0000

Marking Bits (Prev, Next): (CMBitMap*) 0x0000022b8f5a4f18, (CMBitMap*) 0x0000022b8f5a4f50
 Prev Bits: [0x0000022ba3da0000, 0x0000022ba7da0000)
 Next Bits: [0x0000022ba7da0000, 0x0000022babda0000)

Polling page: 0x0000022b8d4f0000

Metaspace:

Usage:
  Non-class:    105.41 MB capacity,   102.82 MB ( 98%) used,     2.21 MB (  2%) free+waste,   389.25 KB ( <1%) overhead. 
      Class:     16.32 MB capacity,    14.87 MB ( 91%) used,     1.28 MB (  8%) free+waste,   175.69 KB (  1%) overhead. 
       Both:    121.72 MB capacity,   117.69 MB ( 97%) used,     3.48 MB (  3%) free+waste,   564.94 KB ( <1%) overhead. 

Virtual space:
  Non-class space:      110.00 MB reserved,     109.58 MB (>99%) committed 
      Class space:        1.00 GB reserved,      17.20 MB (  2%) committed 
             Both:        1.11 GB reserved,     126.78 MB ( 11%) committed 

Chunk freelists:
   Non-Class:  4.11 MB
       Class:  795.00 KB
        Both:  4.88 MB

MaxMetaspaceSize: 17179869184.00 GB
CompressedClassSpaceSize: 1.00 GB

CodeHeap 'non-profiled nmethods': size=120000Kb used=15712Kb max_used=15712Kb free=104287Kb
 bounds [0x0000022b9ab10000, 0x0000022b9ba70000, 0x0000022ba2040000]
CodeHeap 'profiled nmethods': size=120000Kb used=39581Kb max_used=40242Kb free=80419Kb
 bounds [0x0000022b935e0000, 0x0000022b95d40000, 0x0000022b9ab10000]
CodeHeap 'non-nmethods': size=5760Kb used=2395Kb max_used=2492Kb free=3364Kb
 bounds [0x0000022b93040000, 0x0000022b932c0000, 0x0000022b935e0000]
 total_blobs=19322 nmethods=18334 adapters=898
 compilation: enabled
              stopped_count=0, restarted_count=0
 full_count=0

Compilation events (20 events):
Event: 13363.079 Thread 0x0000022bbc2cf000 20199 %     4       java.lang.StringCoding::decodeUTF8_0 @ 30 (897 bytes)
Event: 13363.079 Thread 0x0000022bbc2ca000 20200 %     4       java.lang.StringCoding::encodeUTF8_UTF16 @ 54 (369 bytes)
Event: 13363.079 Thread 0x0000022baf460000 nmethod 20198 0x0000022b94297d90 code [0x0000022b94297f80, 0x0000022b94298438]
Event: 13363.081 Thread 0x0000022baf460000 20201       3       org.gradle.api.internal.artifacts.ModuleVersionIdentifierSerializer::<init> (10 bytes)
Event: 13363.082 Thread 0x0000022baf460000 nmethod 20201 0x0000022b94008690 code [0x0000022b94008840, 0x0000022b940089f8]
Event: 13363.083 Thread 0x0000022bbc2ca000 nmethod 20200% 0x0000022b9ba5e110 code [0x0000022b9ba5e2c0, 0x0000022b9ba5e7c8]
Event: 13363.083 Thread 0x0000022bbc2ca000 20202       4       java.util.TreeMap::navigableKeySet (27 bytes)
Event: 13363.085 Thread 0x0000022baf460000 20204       1       org.gradle.cache.internal.DefaultCacheAccess$IndexedCacheEntry::getCache (5 bytes)
Event: 13363.085 Thread 0x0000022baf460000 nmethod 20204 0x0000022b9ba5ea90 code [0x0000022b9ba5ec40, 0x0000022b9ba5ecf8]
Event: 13363.085 Thread 0x0000022bbc2ca000 nmethod 20202 0x0000022b9ba5ed90 code [0x0000022b9ba5ef20, 0x0000022b9ba5f158]
Event: 13363.085 Thread 0x0000022bbc2ca000 20203       4       org.gradle.api.internal.artifacts.ivyservice.resolveengine.graph.builder.NodeState::computeModuleResolutionFilter (125 bytes)
Event: 13363.095 Thread 0x0000022baf455000 nmethod 20181 0x0000022b9ba5f210 code [0x0000022b9ba5f540, 0x0000022b9ba611a0]
Event: 13363.096 Thread 0x0000022baf455000 20205       4       org.gradle.cache.internal.cacheops.CacheAccessOperationsStack::isInCacheAction (28 bytes)
Event: 13363.096 Thread 0x0000022bbc2cf000 nmethod 20199% 0x0000022b9ba62490 code [0x0000022b9ba626c0, 0x0000022b9ba63c70]
Event: 13363.096 Thread 0x0000022bbc2cf000 20206       4       java.io.WinNTFileSystem::isLetter (30 bytes)
Event: 13363.097 Thread 0x0000022bbc2cf000 nmethod 20206 0x0000022b9ba64590 code [0x0000022b9ba64720, 0x0000022b9ba647b8]
Event: 13363.097 Thread 0x0000022bbc2cf000 20207       4       org.gradle.cache.internal.DefaultCacheAccess::releaseOwnership (32 bytes)
Event: 13363.101 Thread 0x0000022baf455000 nmethod 20205 0x0000022b9ba64890 code [0x0000022b9ba64a80, 0x0000022b9ba652d8]
Event: 13363.101 Thread 0x0000022baf455000 20208       4       org.gradle.internal.component.external.model.AbstractMutableModuleComponentResolveMetadata$DependencyImpl::<init> (88 bytes)
Event: 13363.103 Thread 0x0000022bbc2cf000 nmethod 20207 0x0000022b9ba65710 code [0x0000022b9ba65920, 0x0000022b9ba66210]

GC Heap History (20 events):
Event: 7651.715 GC heap before
{Heap before GC invocations=28 (full 0):
 garbage-first heap   total 374784K, used 313662K [0x0000000700000000, 0x0000000800000000)
  region size 1024K, 119 young (121856K), 16 survivors (16384K)
 Metaspace       used 123306K, capacity 127226K, committed 128412K, reserved 1161216K
  class space    used 15600K, capacity 17019K, committed 17484K, reserved 1048576K
}
Event: 7651.730 GC heap after
{Heap after GC invocations=29 (full 0):
 garbage-first heap   total 374784K, used 220593K [0x0000000700000000, 0x0000000800000000)
  region size 1024K, 12 young (12288K), 12 survivors (12288K)
 Metaspace       used 123306K, capacity 127226K, committed 128412K, reserved 1161216K
  class space    used 15600K, capacity 17019K, committed 17484K, reserved 1048576K
}
Event: 7651.799 GC heap before
{Heap before GC invocations=29 (full 0):
 garbage-first heap   total 374784K, used 226737K [0x0000000700000000, 0x0000000800000000)
  region size 1024K, 18 young (18432K), 12 survivors (12288K)
 Metaspace       used 124017K, capacity 127885K, committed 129180K, reserved 1161216K
  class space    used 15659K, capacity 17066K, committed 17484K, reserved 1048576K
}
Event: 7651.810 GC heap after
{Heap after GC invocations=30 (full 0):
 garbage-first heap   total 374784K, used 216423K [0x0000000700000000, 0x0000000800000000)
  region size 1024K, 2 young (2048K), 2 survivors (2048K)
 Metaspace       used 124017K, capacity 127885K, committed 129180K, reserved 1161216K
  class space    used 15659K, capacity 17066K, committed 17484K, reserved 1048576K
}
Event: 7654.677 GC heap before
{Heap before GC invocations=30 (full 0):
 garbage-first heap   total 374784K, used 312679K [0x0000000700000000, 0x0000000800000000)
  region size 1024K, 96 young (98304K), 2 survivors (2048K)
 Metaspace       used 124791K, capacity 128853K, committed 129820K, reserved 1161216K
  class space    used 15725K, capacity 17163K, committed 17612K, reserved 1048576K
}
Event: 7654.685 GC heap after
{Heap after GC invocations=31 (full 0):
 garbage-first heap   total 374784K, used 225065K [0x0000000700000000, 0x0000000800000000)
  region size 1024K, 11 young (11264K), 11 survivors (11264K)
 Metaspace       used 124791K, capacity 128853K, committed 129820K, reserved 1161216K
  class space    used 15725K, capacity 17163K, committed 17612K, reserved 1048576K
}
Event: 7655.459 GC heap before
{Heap before GC invocations=32 (full 0):
 garbage-first heap   total 374784K, used 310057K [0x0000000700000000, 0x0000000800000000)
  region size 1024K, 97 young (99328K), 11 survivors (11264K)
 Metaspace       used 118968K, capacity 122652K, committed 129820K, reserved 1161216K
  class space    used 15034K, capacity 16371K, committed 17612K, reserved 1048576K
}
Event: 7655.468 GC heap after
{Heap after GC invocations=33 (full 0):
 garbage-first heap   total 374784K, used 229978K [0x0000000700000000, 0x0000000800000000)
  region size 1024K, 9 young (9216K), 9 survivors (9216K)
 Metaspace       used 118968K, capacity 122652K, committed 129820K, reserved 1161216K
  class space    used 15034K, capacity 16371K, committed 17612K, reserved 1048576K
}
Event: 7655.539 GC heap before
{Heap before GC invocations=33 (full 0):
 garbage-first heap   total 374784K, used 239194K [0x0000000700000000, 0x0000000800000000)
  region size 1024K, 18 young (18432K), 9 survivors (9216K)
 Metaspace       used 119392K, capacity 123303K, committed 129820K, reserved 1161216K
  class space    used 15108K, capacity 16507K, committed 17612K, reserved 1048576K
}
Event: 7655.547 GC heap after
{Heap after GC invocations=34 (full 0):
 garbage-first heap   total 374784K, used 196307K [0x0000000700000000, 0x0000000800000000)
  region size 1024K, 2 young (2048K), 2 survivors (2048K)
 Metaspace       used 119392K, capacity 123303K, committed 129820K, reserved 1161216K
  class space    used 15108K, capacity 16507K, committed 17612K, reserved 1048576K
}
Event: 7655.662 GC heap before
{Heap before GC invocations=34 (full 0):
 garbage-first heap   total 374784K, used 212691K [0x0000000700000000, 0x0000000800000000)
  region size 1024K, 18 young (18432K), 2 survivors (2048K)
 Metaspace       used 119444K, capacity 123340K, committed 129820K, reserved 1161216K
  class space    used 15111K, capacity 16514K, committed 17612K, reserved 1048576K
}
Event: 7655.681 GC heap after
{Heap after GC invocations=35 (full 0):
 garbage-first heap   total 374784K, used 178628K [0x0000000700000000, 0x0000000800000000)
  region size 1024K, 3 young (3072K), 3 survivors (3072K)
 Metaspace       used 119444K, capacity 123340K, committed 129820K, reserved 1161216K
  class space    used 15111K, capacity 16514K, committed 17612K, reserved 1048576K
}
Event: 7656.336 GC heap before
{Heap before GC invocations=35 (full 0):
 garbage-first heap   total 374784K, used 298436K [0x0000000700000000, 0x0000000800000000)
  region size 1024K, 120 young (122880K), 3 survivors (3072K)
 Metaspace       used 119524K, capacity 123416K, committed 129820K, reserved 1161216K
  class space    used 15113K, capacity 16516K, committed 17612K, reserved 1048576K
}
Event: 7656.344 GC heap after
{Heap after GC invocations=36 (full 0):
 garbage-first heap   total 374784K, used 186111K [0x0000000700000000, 0x0000000800000000)
  region size 1024K, 10 young (10240K), 10 survivors (10240K)
 Metaspace       used 119524K, capacity 123416K, committed 129820K, reserved 1161216K
  class space    used 15113K, capacity 16516K, committed 17612K, reserved 1048576K
}
Event: 7657.177 GC heap before
{Heap before GC invocations=37 (full 0):
 garbage-first heap   total 374784K, used 303871K [0x0000000700000000, 0x0000000800000000)
  region size 1024K, 125 young (128000K), 10 survivors (10240K)
 Metaspace       used 119636K, capacity 123502K, committed 129820K, reserved 1161216K
  class space    used 15115K, capacity 16520K, committed 17612K, reserved 1048576K
}
Event: 7657.187 GC heap after
{Heap after GC invocations=38 (full 0):
 garbage-first heap   total 374784K, used 195088K [0x0000000700000000, 0x0000000800000000)
  region size 1024K, 16 young (16384K), 16 survivors (16384K)
 Metaspace       used 119636K, capacity 123502K, committed 129820K, reserved 1161216K
  class space    used 15115K, capacity 16520K, committed 17612K, reserved 1048576K
}
Event: 7657.198 GC heap before
{Heap before GC invocations=38 (full 0):
 garbage-first heap   total 374784K, used 197136K [0x0000000700000000, 0x0000000800000000)
  region size 1024K, 18 young (18432K), 16 survivors (16384K)
 Metaspace       used 119641K, capacity 123503K, committed 129820K, reserved 1161216K
  class space    used 15115K, capacity 16520K, committed 17612K, reserved 1048576K
}
Event: 7657.205 GC heap after
{Heap after GC invocations=39 (full 0):
 garbage-first heap   total 374784K, used 196133K [0x0000000700000000, 0x0000000800000000)
  region size 1024K, 3 young (3072K), 3 survivors (3072K)
 Metaspace       used 119641K, capacity 123503K, committed 129820K, reserved 1161216K
  class space    used 15115K, capacity 16520K, committed 17612K, reserved 1048576K
}
Event: 8315.877 GC heap before
{Heap before GC invocations=39 (full 0):
 garbage-first heap   total 374784K, used 307749K [0x0000000700000000, 0x0000000800000000)
  region size 1024K, 111 young (113664K), 3 survivors (3072K)
 Metaspace       used 120374K, capacity 124482K, committed 129820K, reserved 1161216K
  class space    used 15213K, capacity 16686K, committed 17612K, reserved 1048576K
}
Event: 8315.881 GC heap after
{Heap after GC invocations=40 (full 0):
 garbage-first heap   total 374784K, used 200975K [0x0000000700000000, 0x0000000800000000)
  region size 1024K, 7 young (7168K), 7 survivors (7168K)
 Metaspace       used 120374K, capacity 124482K, committed 129820K, reserved 1161216K
  class space    used 15213K, capacity 16686K, committed 17612K, reserved 1048576K
}

Deoptimization events (20 events):
Event: 13363.053 Thread 0x0000022bbc2c3800 Uncommon trap: trap_request=0xffffffc6 fr.pc=0x0000022b9b5dc34c relative=0x0000000000005bcc
Event: 13363.053 Thread 0x0000022bbc2c3800 Uncommon trap: reason=bimorphic_or_optimized_type_check action=maybe_recompile pc=0x0000022b9b5dc34c method=org.gradle.internal.snapshot.SnapshotUtil.getRootHashes(Lorg/gradle/internal/snapshot/FileSystemSnapshot;)Lcom/google/common/collect/ImmutableMulti
Event: 13363.053 Thread 0x0000022bbc2c3800 DEOPT PACKING pc=0x0000022b9b5dc34c sp=0x000000fce3bfa670
Event: 13363.053 Thread 0x0000022bbc2c3800 DEOPT UNPACKING pc=0x0000022b930483af sp=0x000000fce3bfa660 mode 2
Event: 13363.076 Thread 0x0000022bbc2c3800 Uncommon trap: trap_request=0xffffffc6 fr.pc=0x0000022b9abccc3c relative=0x0000000000003bfc
Event: 13363.076 Thread 0x0000022bbc2c3800 Uncommon trap: reason=bimorphic_or_optimized_type_check action=maybe_recompile pc=0x0000022b9abccc3c method=java.util.Collections$SetFromMap.add(Ljava/lang/Object;)Z @ 8 c2
Event: 13363.076 Thread 0x0000022bbc2c3800 DEOPT PACKING pc=0x0000022b9abccc3c sp=0x000000fce3bfb400
Event: 13363.076 Thread 0x0000022bbc2c3800 DEOPT UNPACKING pc=0x0000022b930483af sp=0x000000fce3bfb370 mode 2
Event: 13363.076 Thread 0x0000022bbc2c3800 Uncommon trap: trap_request=0xffffffc6 fr.pc=0x0000022b9abcc928 relative=0x00000000000038e8
Event: 13363.076 Thread 0x0000022bbc2c3800 Uncommon trap: reason=bimorphic_or_optimized_type_check action=maybe_recompile pc=0x0000022b9abcc928 method=java.util.Collections$SetFromMap.add(Ljava/lang/Object;)Z @ 8 c2
Event: 13363.076 Thread 0x0000022bbc2c3800 DEOPT PACKING pc=0x0000022b9abcc928 sp=0x000000fce3bfaae0
Event: 13363.076 Thread 0x0000022bbc2c3800 DEOPT UNPACKING pc=0x0000022b930483af sp=0x000000fce3bfaa50 mode 2
Event: 13363.076 Thread 0x0000022bbc2c3800 Uncommon trap: trap_request=0xffffffc6 fr.pc=0x0000022b9abcc928 relative=0x00000000000038e8
Event: 13363.076 Thread 0x0000022bbc2c3800 Uncommon trap: reason=bimorphic_or_optimized_type_check action=maybe_recompile pc=0x0000022b9abcc928 method=java.util.Collections$SetFromMap.add(Ljava/lang/Object;)Z @ 8 c2
Event: 13363.076 Thread 0x0000022bbc2c3800 DEOPT PACKING pc=0x0000022b9abcc928 sp=0x000000fce3bf9fd0
Event: 13363.076 Thread 0x0000022bbc2c3800 DEOPT UNPACKING pc=0x0000022b930483af sp=0x000000fce3bf9f40 mode 2
Event: 13363.077 Thread 0x0000022bbc2c3800 Uncommon trap: trap_request=0xffffffc6 fr.pc=0x0000022b9abcc928 relative=0x00000000000038e8
Event: 13363.077 Thread 0x0000022bbc2c3800 Uncommon trap: reason=bimorphic_or_optimized_type_check action=maybe_recompile pc=0x0000022b9abcc928 method=java.util.Collections$SetFromMap.add(Ljava/lang/Object;)Z @ 8 c2
Event: 13363.077 Thread 0x0000022bbc2c3800 DEOPT PACKING pc=0x0000022b9abcc928 sp=0x000000fce3bfa5b0
Event: 13363.077 Thread 0x0000022bbc2c3800 DEOPT UNPACKING pc=0x0000022b930483af sp=0x000000fce3bfa520 mode 2

Classes redefined (0 events):
No events

Internal exceptions (20 events):
Event: 7657.793 Thread 0x0000022bb512c800 Exception <a 'java/lang/NoSuchMethodError'{0x0000000711325df0}: <clinit>> (0x0000000711325df0) thrown at [./src/hotspot/share/prims/jni.cpp, line 1362]
Event: 7657.794 Thread 0x0000022bb512c800 Exception <a 'java/lang/NoSuchMethodError'{0x0000000711337200}: <clinit>> (0x0000000711337200) thrown at [./src/hotspot/share/prims/jni.cpp, line 1362]
Event: 7657.795 Thread 0x0000022bb512c800 Exception <a 'java/lang/NoSuchMethodError'{0x000000071136be18}: <clinit>> (0x000000071136be18) thrown at [./src/hotspot/share/prims/jni.cpp, line 1362]
Event: 7657.796 Thread 0x0000022bb512c800 Exception <a 'java/lang/NoSuchMethodError'{0x00000007113a3f98}: <clinit>> (0x00000007113a3f98) thrown at [./src/hotspot/share/prims/jni.cpp, line 1362]
Event: 7657.834 Thread 0x0000022bb5127800 Exception <a 'java/lang/NoSuchMethodError'{0x0000000710df5f30}: <clinit>> (0x0000000710df5f30) thrown at [./src/hotspot/share/prims/jni.cpp, line 1362]
Event: 7657.834 Thread 0x0000022bb5127800 Exception <a 'java/lang/NoSuchMethodError'{0x0000000710c07b08}: <clinit>> (0x0000000710c07b08) thrown at [./src/hotspot/share/prims/jni.cpp, line 1362]
Event: 7657.835 Thread 0x0000022bb5127800 Exception <a 'java/lang/NoSuchMethodError'{0x0000000710ca2208}: <clinit>> (0x0000000710ca2208) thrown at [./src/hotspot/share/prims/jni.cpp, line 1362]
Event: 7657.837 Thread 0x0000022bb5127800 Exception <a 'java/lang/NoSuchMethodError'{0x0000000710cbf680}: <clinit>> (0x0000000710cbf680) thrown at [./src/hotspot/share/prims/jni.cpp, line 1362]
Event: 7657.837 Thread 0x0000022bb5127800 Exception <a 'java/lang/NoSuchMethodError'{0x0000000710ccf208}: <clinit>> (0x0000000710ccf208) thrown at [./src/hotspot/share/prims/jni.cpp, line 1362]
Event: 13362.973 Thread 0x0000022bbc2c3800 Exception <a 'java/lang/NoSuchMethodError'{0x000000071159cd18}: <clinit>> (0x000000071159cd18) thrown at [./src/hotspot/share/prims/jni.cpp, line 1362]
Event: 13363.000 Thread 0x0000022bb1c09000 Exception <a 'sun/nio/fs/WindowsException'{0x0000000711430a20}> (0x0000000711430a20) thrown at [./src/hotspot/share/prims/jni.cpp, line 615]
Event: 13363.008 Thread 0x0000022bb1c09000 Exception <a 'sun/nio/fs/WindowsException'{0x00000007114b8a98}> (0x00000007114b8a98) thrown at [./src/hotspot/share/prims/jni.cpp, line 615]
Event: 13363.009 Thread 0x0000022bb1c09000 Exception <a 'sun/nio/fs/WindowsException'{0x00000007114b8c38}> (0x00000007114b8c38) thrown at [./src/hotspot/share/prims/jni.cpp, line 615]
Event: 13363.022 Thread 0x0000022bbc2c3800 Exception <a 'java/lang/ClassNotFoundException'{0x0000000711295f98}: sync_studio_tooling20647_f0ip4n78t05dp1mx17v263ehcBeanInfo> (0x0000000711295f98) thrown at [./src/hotspot/share/classfile/systemDictionary.cpp, line 231]
Event: 13363.022 Thread 0x0000022bbc2c3800 Exception <a 'java/lang/ClassNotFoundException'{0x00000007112a2ec8}: sync_studio_tooling20647_f0ip4n78t05dp1mx17v263ehcCustomizer> (0x00000007112a2ec8) thrown at [./src/hotspot/share/classfile/systemDictionary.cpp, line 231]
Event: 13363.040 Thread 0x0000022bb1c0b800 Exception <a 'sun/nio/fs/WindowsException'{0x0000000711122858}> (0x0000000711122858) thrown at [./src/hotspot/share/prims/jni.cpp, line 615]
Event: 13363.043 Thread 0x0000022bb1c0b800 Exception <a 'sun/nio/fs/WindowsException'{0x0000000711179638}> (0x0000000711179638) thrown at [./src/hotspot/share/prims/jni.cpp, line 615]
Event: 13363.043 Thread 0x0000022bb1c0b800 Exception <a 'sun/nio/fs/WindowsException'{0x00000007111797c8}> (0x00000007111797c8) thrown at [./src/hotspot/share/prims/jni.cpp, line 615]
Event: 13363.046 Thread 0x0000022bbc2c3800 Exception <a 'java/lang/ClassNotFoundException'{0x00000007111f41c0}: sync_studio_tooling20647_f0ip4n78t05dp1mx17v263ehcBeanInfo> (0x00000007111f41c0) thrown at [./src/hotspot/share/classfile/systemDictionary.cpp, line 231]
Event: 13363.046 Thread 0x0000022bbc2c3800 Exception <a 'java/lang/ClassNotFoundException'{0x0000000711001418}: sync_studio_tooling20647_f0ip4n78t05dp1mx17v263ehcCustomizer> (0x0000000711001418) thrown at [./src/hotspot/share/classfile/systemDictionary.cpp, line 231]

Events (20 events):
Event: 13363.046 loading class sync_studio_tooling20647_f0ip4n78t05dp1mx17v263ehcBeanInfo
Event: 13363.046 loading class sync_studio_tooling20647_f0ip4n78t05dp1mx17v263ehcBeanInfo done
Event: 13363.046 loading class sync_studio_tooling20647_f0ip4n78t05dp1mx17v263ehcBeanInfo
Event: 13363.046 loading class sync_studio_tooling20647_f0ip4n78t05dp1mx17v263ehcBeanInfo done
Event: 13363.046 loading class sync_studio_tooling20647_f0ip4n78t05dp1mx17v263ehcCustomizer
Event: 13363.046 loading class sync_studio_tooling20647_f0ip4n78t05dp1mx17v263ehcCustomizer done
Event: 13363.046 loading class sync_studio_tooling20647_f0ip4n78t05dp1mx17v263ehcCustomizer
Event: 13363.046 loading class sync_studio_tooling20647_f0ip4n78t05dp1mx17v263ehcCustomizer done
Event: 13363.047 loading class groovy/runtime/metaclass/sync_studio_tooling20647_f0ip4n78t05dp1mx17v263ehc$_run_closure1MetaClass
Event: 13363.047 loading class groovy/runtime/metaclass/sync_studio_tooling20647_f0ip4n78t05dp1mx17v263ehc$_run_closure1MetaClass done
Event: 13363.058 Executing VM operation: RevokeBias
Event: 13363.058 Executing VM operation: RevokeBias done
Event: 13363.058 Executing VM operation: RevokeBias
Event: 13363.058 Executing VM operation: RevokeBias done
Event: 13363.061 Thread 0x0000022bbc2cf800 Thread added: 0x0000022bbc2cf800
Event: 13363.070 Thread 0x0000022bbc2d0800 Thread added: 0x0000022bbc2d0800
Event: 13363.076 Executing VM operation: RevokeBias
Event: 13363.076 Executing VM operation: RevokeBias done
Event: 13363.076 Executing VM operation: RevokeBias
Event: 13363.076 Executing VM operation: RevokeBias done


Dynamic libraries:
0x00007ff7ce170000 - 0x00007ff7ce17a000 	D:\android_studio\ide\jre\bin\java.exe
0x00007ffbd1050000 - 0x00007ffbd1245000 	C:\Windows\SYSTEM32\ntdll.dll
0x00007ffbd0a50000 - 0x00007ffbd0b0e000 	C:\Windows\System32\KERNEL32.DLL
0x00007ffbce770000 - 0x00007ffbcea38000 	C:\Windows\System32\KERNELBASE.dll
0x00007ffbcea40000 - 0x00007ffbceb40000 	C:\Windows\System32\ucrtbase.dll
0x00007ffb990f0000 - 0x00007ffb99109000 	D:\android_studio\ide\jre\bin\jli.dll
0x00007ffb87370000 - 0x00007ffb87387000 	D:\android_studio\ide\jre\bin\VCRUNTIME140.dll
0x00007ffbcf980000 - 0x00007ffbcfb20000 	C:\Windows\System32\USER32.dll
0x00007ffbceca0000 - 0x00007ffbcecc2000 	C:\Windows\System32\win32u.dll
0x00007ffbcbb00000 - 0x00007ffbcbd9a000 	C:\Windows\WinSxS\amd64_microsoft.windows.common-controls_6595b64144ccf1df_6.0.19041.1110_none_60b5254171f9507e\COMCTL32.dll
0x00007ffbcfb80000 - 0x00007ffbcfbab000 	C:\Windows\System32\GDI32.dll
0x00007ffbcf2d0000 - 0x00007ffbcf36e000 	C:\Windows\System32\msvcrt.dll
0x00007ffbcecd0000 - 0x00007ffbceddb000 	C:\Windows\System32\gdi32full.dll
0x00007ffbcefc0000 - 0x00007ffbcf05d000 	C:\Windows\System32\msvcp_win.dll
0x00007ffbd0c80000 - 0x00007ffbd0cb0000 	C:\Windows\System32\IMM32.DLL
0x00007ffb70040000 - 0x00007ffb700dd000 	D:\android_studio\ide\jre\bin\msvcp140.dll
0x00007ffb79180000 - 0x00007ffb79c55000 	D:\android_studio\ide\jre\bin\server\jvm.dll
0x00007ffbd0b10000 - 0x00007ffbd0bbe000 	C:\Windows\System32\ADVAPI32.dll
0x00007ffbd0130000 - 0x00007ffbd01cc000 	C:\Windows\System32\sechost.dll
0x00007ffbcfe90000 - 0x00007ffbcffb5000 	C:\Windows\System32\RPCRT4.dll
0x00007ffbcf970000 - 0x00007ffbcf978000 	C:\Windows\System32\PSAPI.DLL
0x00007ffbce450000 - 0x00007ffbce45a000 	C:\Windows\SYSTEM32\VERSION.dll
0x00007ffbb5dc0000 - 0x00007ffbb5dc9000 	C:\Windows\SYSTEM32\WSOCK32.dll
0x00007ffbc5db0000 - 0x00007ffbc5dd7000 	C:\Windows\SYSTEM32\WINMM.dll
0x00007ffbcffe0000 - 0x00007ffbd004b000 	C:\Windows\System32\WS2_32.dll
0x00007ffbcb9f0000 - 0x00007ffbcba02000 	C:\Windows\SYSTEM32\kernel.appcore.dll
0x00007ffbc9900000 - 0x00007ffbc9911000 	D:\android_studio\ide\jre\bin\verify.dll
0x00007ffbcdf00000 - 0x00007ffbce0e4000 	C:\Windows\SYSTEM32\DBGHELP.DLL
0x00007ffbcded0000 - 0x00007ffbcdefc000 	C:\Windows\SYSTEM32\dbgcore.DLL
0x00007ffbcef30000 - 0x00007ffbcefb2000 	C:\Windows\System32\bcryptPrimitives.dll
0x00007ffbc0020000 - 0x00007ffbc0049000 	D:\android_studio\ide\jre\bin\java.dll
0x00007ffbc98c0000 - 0x00007ffbc98cb000 	D:\android_studio\ide\jre\bin\jimage.dll
0x00007ffbc9890000 - 0x00007ffbc98a8000 	D:\android_studio\ide\jre\bin\zip.dll
0x00007ffbd01d0000 - 0x00007ffbd0914000 	C:\Windows\System32\SHELL32.dll
0x00007ffbcbf10000 - 0x00007ffbcc6a4000 	C:\Windows\SYSTEM32\windows.storage.dll
0x00007ffbd0cb0000 - 0x00007ffbd1004000 	C:\Windows\System32\combase.dll
0x00007ffbcdce0000 - 0x00007ffbcdd0c000 	C:\Windows\SYSTEM32\Wldp.dll
0x00007ffbcf7e0000 - 0x00007ffbcf88d000 	C:\Windows\System32\SHCORE.dll
0x00007ffbd0bc0000 - 0x00007ffbd0c15000 	C:\Windows\System32\shlwapi.dll
0x00007ffbce6b0000 - 0x00007ffbce6cf000 	C:\Windows\SYSTEM32\profapi.dll
0x00007ffbb95f0000 - 0x00007ffbb960a000 	D:\android_studio\ide\jre\bin\net.dll
0x00007ffbbfb90000 - 0x00007ffbbfc99000 	C:\Windows\SYSTEM32\WINHTTP.dll
0x00007ffbcd480000 - 0x00007ffbcd4ea000 	C:\Windows\system32\mswsock.dll
0x00007ffbb95a0000 - 0x00007ffbb95b4000 	D:\android_studio\ide\jre\bin\nio.dll
0x00007ffbaeaf0000 - 0x00007ffbaeb17000 	D:\android_studio\config\.gradle\native\e1d6ef7f7dcc3fd88c89a11ec53ec762bb8ba0a96d01ffa2cd45eb1d1d8dd5c5\windows-amd64\native-platform.dll
0x00007ffb6fef0000 - 0x00007ffb70034000 	D:\android_studio\config\.gradle\native\5664cfc778a61ccfe75a443a1ab52a65af34e5dc3c78e0209fed803814484fcb\windows-amd64\native-platform-file-events.dll
0x00007ffbc97f0000 - 0x00007ffbc97fa000 	D:\android_studio\ide\jre\bin\management.dll
0x00007ffbc4330000 - 0x00007ffbc433d000 	D:\android_studio\ide\jre\bin\management_ext.dll
0x00007ffbce4a0000 - 0x00007ffbce4b8000 	C:\Windows\SYSTEM32\CRYPTSP.dll
0x00007ffbcce70000 - 0x00007ffbccea4000 	C:\Windows\system32\rsaenh.dll
0x00007ffbcee90000 - 0x00007ffbceeb7000 	C:\Windows\System32\bcrypt.dll
0x00007ffbce630000 - 0x00007ffbce65e000 	C:\Windows\SYSTEM32\USERENV.dll
0x00007ffbcdbe0000 - 0x00007ffbcdbec000 	C:\Windows\SYSTEM32\CRYPTBASE.dll
0x00007ffbcd9b0000 - 0x00007ffbcd9eb000 	C:\Windows\SYSTEM32\IPHLPAPI.DLL
0x00007ffbcf890000 - 0x00007ffbcf898000 	C:\Windows\System32\NSI.dll
0x00007ffbc8280000 - 0x00007ffbc8297000 	C:\Windows\SYSTEM32\dhcpcsvc6.DLL
0x00007ffbc8980000 - 0x00007ffbc899d000 	C:\Windows\SYSTEM32\dhcpcsvc.DLL
0x00007ffbcd1c0000 - 0x00007ffbcd28a000 	C:\Windows\SYSTEM32\DNSAPI.dll
0x00007ffbb8380000 - 0x00007ffbb83a7000 	D:\android_studio\ide\jre\bin\sunec.dll
0x00007ffbc5ea0000 - 0x00007ffbc5eaa000 	C:\Windows\System32\rasadhlp.dll
0x00007ffbc4c50000 - 0x00007ffbc4ccf000 	C:\Windows\System32\fwpuclnt.dll

dbghelp: loaded successfully - version: 4.0.5 - missing functions: none
symbol engine: initialized successfully - sym options: 0x614 - pdb path: .;D:\android_studio\ide\jre\bin;C:\Windows\SYSTEM32;C:\Windows\WinSxS\amd64_microsoft.windows.common-controls_6595b64144ccf1df_6.0.19041.1110_none_60b5254171f9507e;D:\android_studio\ide\jre\bin\server;D:\android_studio\config\.gradle\native\e1d6ef7f7dcc3fd88c89a11ec53ec762bb8ba0a96d01ffa2cd45eb1d1d8dd5c5\windows-amd64;D:\android_studio\config\.gradle\native\5664cfc778a61ccfe75a443a1ab52a65af34e5dc3c78e0209fed803814484fcb\windows-amd64

VM Arguments:
jvm_args: -XX:MaxPermSize=512m -XX:+HeapDumpOnOutOfMemoryError --add-opens=java.base/java.util=ALL-UNNAMED --add-opens=java.base/java.lang=ALL-UNNAMED --add-opens=java.base/java.lang.invoke=ALL-UNNAMED --add-opens=java.base/java.util=ALL-UNNAMED --add-opens=java.prefs/java.util.prefs=ALL-UNNAMED --add-opens=java.prefs/java.util.prefs=ALL-UNNAMED --add-opens=java.base/java.nio.charset=ALL-UNNAMED --add-opens=java.base/java.net=ALL-UNNAMED --add-opens=java.base/java.util.concurrent.atomic=ALL-UNNAMED -Xmx4096m -Dfile.encoding=UTF-8 -Duser.country=CN -Duser.language=zh -Duser.variant 
java_command: org.gradle.launcher.daemon.bootstrap.GradleDaemon 7.2
java_class_path (initial): D:\android_studio\config\.gradle\wrapper\dists\gradle-7.2-bin\2dnblmf4td7x66yl1d74lt32g\gradle-7.2\lib\gradle-launcher-7.2.jar
Launcher Type: SUN_STANDARD

[Global flags]
     intx CICompilerCount                          = 4                                         {product} {ergonomic}
     uint ConcGCThreads                            = 3                                         {product} {ergonomic}
     uint G1ConcRefinementThreads                  = 10                                        {product} {ergonomic}
   size_t G1HeapRegionSize                         = 1048576                                   {product} {ergonomic}
    uintx GCDrainStackTargetSize                   = 64                                        {product} {ergonomic}
     bool HeapDumpOnOutOfMemoryError               = true                                   {manageable} {command line}
   size_t InitialHeapSize                          = 266338304                                 {product} {ergonomic}
   size_t MarkStackSize                            = 4194304                                   {product} {ergonomic}
   size_t MaxHeapSize                              = 4294967296                                {product} {command line}
   size_t MaxNewSize                               = 2576351232                                {product} {ergonomic}
   size_t MinHeapDeltaBytes                        = 1048576                                   {product} {ergonomic}
    uintx NonNMethodCodeHeapSize                   = 5836300                                {pd product} {ergonomic}
    uintx NonProfiledCodeHeapSize                  = 122910970                              {pd product} {ergonomic}
    uintx ProfiledCodeHeapSize                     = 122910970                              {pd product} {ergonomic}
    uintx ReservedCodeCacheSize                    = 251658240                              {pd product} {ergonomic}
     bool SegmentedCodeCache                       = true                                      {product} {ergonomic}
     bool UseCompressedClassPointers               = true                                 {lp64_product} {ergonomic}
     bool UseCompressedOops                        = true                                 {lp64_product} {ergonomic}
     bool UseG1GC                                  = true                                      {product} {ergonomic}
     bool UseLargePagesIndividualAllocation        = false                                  {pd product} {ergonomic}

Logging:
Log output configuration:
 #0: stdout all=warning uptime,level,tags
 #1: stderr all=off uptime,level,tags

Environment Variables:
JAVA_HOME=D:\Program Files\Java\jdk1.8.0_171
PATH=D:\Program Files\ImageMagick-7.0.1-Q16;C:\Windows\system32;C:\Windows;C:\Windows\System32\Wbem;C:\Windows\System32\WindowsPowerShell\v1.0\;C:\Windows\System32\OpenSSH\;D:\Program Files\TortoiseSVN\bin;D:\Program Files (x86)\nginx 1.7.11.3 Gryphon;D:\Program Files (x86)\nginx-1.18.0;D:\Program Files (x86)\nodejs\node-v14.15.3-win-x64;D:\Program Files\Git\cmd;D:\Program Files (x86)\XShell7\Xshell 7\;D:\Program Files (x86)\XShell7\Xftp 7\;D:\Program Files (x86)\apache-tomcat-8.5.65\bin;D:\Program Files\Java\jdk1.8.0_171\bin;C:\Program Files (x86)\NVIDIA Corporation\PhysX\Common;C:\Program Files\NVIDIA Corporation\NVIDIA NvDLISR;C:\Program Files\python;C:\Program Files\python\Scripts;D:\soft\BtSoft\panel\script;D:\Program Files\ffmpeg\ffmpeg-n4.4.1-2-gcc33e73618-win64-lgpl-4.4\bin;C:\Users\likun\AppData\Local\Programs\Python\Python37\Scripts\;C:\Users\likun\AppData\Local\Programs\Python\Python37\;C:\Users\likun\AppData\Local\Microsoft\WindowsApps;;D:\vscode\bin
USERNAME=likun
OS=Windows_NT
PROCESSOR_IDENTIFIER=Intel64 Family 6 Model 167 Stepping 1, GenuineIntel



---------------  S Y S T E M  ---------------

OS: Windows 10 , 64 bit Build 19041 (10.0.19041.1566)
OS uptime: 1 days 21:40 hours

CPU:total 12 (initial active 12) (6 cores per cpu, 2 threads per core) family 6 model 167 stepping 1 microcode 0x3c, cmov, cx8, fxsr, mmx, sse, sse2, sse3, ssse3, sse4.1, sse4.2, popcnt, avx, avx2, aes, clmul, erms, 3dnowpref, lzcnt, ht, tsc, tscinvbit, bmi1, bmi2, adx, evex, sha, fma

Memory: 4k page, system-wide physical 16216M (4308M free)
TotalPageFile size 26968M (AvailPageFile size 7045M)
current process WorkingSet (physical memory assigned to process): 449M, peak: 834M
current process commit charge ("private bytes"): 781M, peak: 883M

vm_info: OpenJDK 64-Bit Server VM (11.0.11+9-b60-7590822) for windows-amd64 JRE (11.0.11+9-b60-7590822), built on Jul 29 2021 21:43:44 by "builder" with MS VC++ 14.0 (VS2015)

END.
